#
# There is insufficient memory for the Java Runtime Environment to continue.
# Native memory allocation (malloc) failed to allocate 1300336 bytes for Chunk::new
# Possible reasons:
#   The system is out of physical RAM or swap space
#   The process is running with CompressedOops enabled, and the Java Heap may be blocking the growth of the native heap
# Possible solutions:
#   Reduce memory load on the system
#   Increase physical memory or swap space
#   Check if swap backing store is full
#   Decrease Java heap size (-Xmx/-Xms)
#   Decrease number of Java threads
#   Decrease Java thread stack sizes (-Xss)
#   Set larger code cache with -XX:ReservedCodeCacheSize=
#   JVM is running with Unscaled Compressed Oops mode in which the Java heap is
#     placed in the first 4GB address space. The Java Heap base address is the
#     maximum limit for the native heap growth. Please use -XX:HeapBaseMinAddress
#     to set the Java Heap base and to place the Java Heap above 4GB virtual address.
# This output file may be truncated or incomplete.
#
#  Out of Memory Error (allocation.cpp:389), pid=12432, tid=0x0000000000003f6c
#
# JRE version: OpenJDK Runtime Environment (8.0_242-b01) (build 1.8.0_242-release-1644-b01)
# Java VM: OpenJDK 64-Bit Server VM (25.242-b01 mixed mode windows-amd64 compressed oops)
# Failed to write core dump. Minidumps are not enabled by default on client versions of Windows
#

---------------  T H R E A D  ---------------

Current thread (0x0000000017fbe000):  JavaThread "C2 CompilerThread0" daemon [_thread_in_native, id=16236, stack(0x0000000019990000,0x0000000019a90000)]

Stack: [0x0000000019990000,0x0000000019a90000]
[error occurred during error reporting (printing stack bounds), id 0xc0000005]

Native frames: (J=compiled Java code, j=interpreted, Vv=VM code, C=native code)


Current CompileTask:
C2: 557446 16902       4       com.android.utils.XmlUtils::append (639 bytes)


---------------  P R O C E S S  ---------------

Java Threads: ( => current thread )
  0x0000000020c47800 JavaThread "WorkerExecutor Queue Thread 2" [_thread_blocked, id=9308, stack(0x000000002f3a0000,0x000000002f4a0000)]
  0x0000000020c46800 JavaThread "WorkerExecutor Queue" [_thread_blocked, id=17552, stack(0x000000002f2a0000,0x000000002f3a0000)]
  0x0000000020c45000 JavaThread "Cache worker for execution history cache (C:\Users\Administrator\Desktop\github_clone\SilverYogaApp3\.gradle\6.5\executionHistory)" [_thread_blocked, id=16868, stack(0x000000002fa70000,0x000000002fb70000)]
  0x0000000020c43800 JavaThread "Execution worker for ':' Thread 3" [_thread_in_native, id=5904, stack(0x000000002f970000,0x000000002fa70000)]
  0x0000000020c42000 JavaThread "Execution worker for ':' Thread 2" [_thread_blocked, id=5216, stack(0x000000002f870000,0x000000002f970000)]
  0x0000000020c40800 JavaThread "Execution worker for ':'" [_thread_blocked, id=17688, stack(0x000000002f770000,0x000000002f870000)]
  0x0000000020c43000 JavaThread "Cache worker for file content cache (C:\Users\Administrator\Desktop\github_clone\SilverYogaApp3\.gradle\6.5\fileContent)" [_thread_blocked, id=8596, stack(0x000000002f1a0000,0x000000002f2a0000)]
  0x0000000020c40000 JavaThread "pool-4-thread-1" [_thread_blocked, id=17104, stack(0x000000002f0a0000,0x000000002f1a0000)]
  0x000000001ade9800 JavaThread "Cache worker for Build Output Cleanup Cache (C:\Users\Administrator\Desktop\github_clone\SilverYogaApp3\.gradle\buildOutputCleanup)" [_thread_blocked, id=6592, stack(0x000000002efa0000,0x000000002f0a0000)]
  0x000000001ade9000 JavaThread "jar transforms Thread 188" [_thread_blocked, id=12800, stack(0x000000002eea0000,0x000000002efa0000)]
  0x000000001ade8000 JavaThread "jar transforms Thread 187" [_thread_blocked, id=10128, stack(0x000000002eda0000,0x000000002eea0000)]
  0x000000001adeb000 JavaThread "jar transforms Thread 186" [_thread_blocked, id=15588, stack(0x000000002eca0000,0x000000002eda0000)]
  0x000000001ade6800 JavaThread "jar transforms Thread 185" [_thread_blocked, id=1128, stack(0x000000002eba0000,0x000000002eca0000)]
  0x000000001ade7800 JavaThread "jar transforms Thread 184" [_thread_blocked, id=5204, stack(0x000000002eaa0000,0x000000002eba0000)]
  0x000000001adea800 JavaThread "jar transforms Thread 183" [_thread_blocked, id=10468, stack(0x000000002e9a0000,0x000000002eaa0000)]
  0x000000001ade6000 JavaThread "jar transforms Thread 182" [_thread_blocked, id=13268, stack(0x000000002e7a0000,0x000000002e8a0000)]
  0x000000001adde800 JavaThread "jar transforms Thread 181" [_thread_blocked, id=468, stack(0x000000002e6a0000,0x000000002e7a0000)]
  0x000000001ade5000 JavaThread "jar transforms Thread 180" [_thread_blocked, id=16216, stack(0x000000002e5a0000,0x000000002e6a0000)]
  0x000000001addd800 JavaThread "jar transforms Thread 179" [_thread_blocked, id=13744, stack(0x000000002e4a0000,0x000000002e5a0000)]
  0x000000001ade4800 JavaThread "jar transforms Thread 178" [_thread_blocked, id=2148, stack(0x000000002e3a0000,0x000000002e4a0000)]
  0x000000001ade3800 JavaThread "jar transforms Thread 177" [_thread_blocked, id=10112, stack(0x000000002e2a0000,0x000000002e3a0000)]
  0x000000001ade0000 JavaThread "jar transforms Thread 176" [_thread_blocked, id=6408, stack(0x000000002e1a0000,0x000000002e2a0000)]
  0x000000001addc000 JavaThread "jar transforms Thread 175" [_thread_blocked, id=2588, stack(0x000000002e0a0000,0x000000002e1a0000)]
  0x000000001ade3000 JavaThread "jar transforms Thread 174" [_thread_blocked, id=13432, stack(0x000000002dfa0000,0x000000002e0a0000)]
  0x000000001ade2000 JavaThread "jar transforms Thread 173" [_thread_blocked, id=11320, stack(0x000000002dea0000,0x000000002dfa0000)]
  0x000000001ade1800 JavaThread "jar transforms Thread 172" [_thread_blocked, id=13928, stack(0x000000002dda0000,0x000000002dea0000)]
  0x000000001ade0800 JavaThread "jar transforms Thread 171" [_thread_blocked, id=6580, stack(0x000000002dca0000,0x000000002dda0000)]
  0x000000001addf000 JavaThread "jar transforms Thread 170" [_thread_blocked, id=3228, stack(0x000000002dba0000,0x000000002dca0000)]
  0x000000001addd000 JavaThread "jar transforms Thread 169" [_thread_blocked, id=12720, stack(0x000000002c7a0000,0x000000002c8a0000)]
  0x0000000024b44800 JavaThread "jar transforms Thread 168" [_thread_blocked, id=10964, stack(0x000000002a790000,0x000000002a890000)]
  0x0000000024b41800 JavaThread "jar transforms Thread 167" [_thread_blocked, id=2788, stack(0x000000002a690000,0x000000002a790000)]
  0x0000000024b44000 JavaThread "jar transforms Thread 166" [_thread_blocked, id=16932, stack(0x000000002a590000,0x000000002a690000)]
  0x0000000024b43000 JavaThread "jar transforms Thread 165" [_thread_blocked, id=12332, stack(0x000000002a490000,0x000000002a590000)]
  0x0000000024b41000 JavaThread "jar transforms Thread 164" [_thread_blocked, id=13264, stack(0x000000002a390000,0x000000002a490000)]
  0x0000000024b42800 JavaThread "jar transforms Thread 163" [_thread_blocked, id=7736, stack(0x000000002a290000,0x000000002a390000)]
  0x0000000024b40000 JavaThread "jar transforms Thread 162" [_thread_blocked, id=2552, stack(0x000000002a190000,0x000000002a290000)]
  0x0000000024b39000 JavaThread "jar transforms Thread 161" [_thread_blocked, id=6716, stack(0x000000002a090000,0x000000002a190000)]
  0x0000000024b38800 JavaThread "jar transforms Thread 160" [_thread_blocked, id=17380, stack(0x0000000029f90000,0x000000002a090000)]
  0x0000000024b3f800 JavaThread "jar transforms Thread 159" [_thread_blocked, id=2584, stack(0x0000000029e90000,0x0000000029f90000)]
  0x0000000024b37800 JavaThread "jar transforms Thread 158" [_thread_blocked, id=15876, stack(0x0000000029d90000,0x0000000029e90000)]
  0x0000000024b3a000 JavaThread "jar transforms Thread 157" [_thread_blocked, id=17916, stack(0x0000000029c90000,0x0000000029d90000)]
  0x0000000024b3e800 JavaThread "jar transforms Thread 156" [_thread_blocked, id=10920, stack(0x0000000029b90000,0x0000000029c90000)]
  0x0000000024b3e000 JavaThread "jar transforms Thread 155" [_thread_blocked, id=12868, stack(0x0000000029a90000,0x0000000029b90000)]
  0x0000000024b3d000 JavaThread "jar transforms Thread 154" [_thread_blocked, id=14436, stack(0x0000000029990000,0x0000000029a90000)]
  0x0000000024b3a800 JavaThread "jar transforms Thread 153" [_thread_blocked, id=12824, stack(0x0000000029890000,0x0000000029990000)]
  0x0000000024b3b800 JavaThread "jar transforms Thread 152" [_thread_blocked, id=12836, stack(0x0000000029790000,0x0000000029890000)]
  0x0000000024b36000 JavaThread "jar transforms Thread 151" [_thread_blocked, id=11544, stack(0x0000000029690000,0x0000000029790000)]
  0x0000000024b35800 JavaThread "jar transforms Thread 150" [_thread_blocked, id=15120, stack(0x0000000029590000,0x0000000029690000)]
  0x0000000024b3c800 JavaThread "jar transforms Thread 149" [_thread_blocked, id=17064, stack(0x0000000029490000,0x0000000029590000)]
  0x0000000024b37000 JavaThread "jar transforms Thread 148" [_thread_blocked, id=10656, stack(0x0000000029390000,0x0000000029490000)]
  0x000000001add2800 JavaThread "jar transforms Thread 147" [_thread_blocked, id=7104, stack(0x0000000029290000,0x0000000029390000)]
  0x000000001add0000 JavaThread "jar transforms Thread 146" [_thread_blocked, id=9220, stack(0x0000000029190000,0x0000000029290000)]
  0x000000001adcf800 JavaThread "jar transforms Thread 145" [_thread_blocked, id=17616, stack(0x0000000029090000,0x0000000029190000)]
  0x000000001add1800 JavaThread "jar transforms Thread 144" [_thread_blocked, id=15404, stack(0x0000000028f90000,0x0000000029090000)]
  0x000000001add1000 JavaThread "jar transforms Thread 143" [_thread_blocked, id=17464, stack(0x0000000028e90000,0x0000000028f90000)]
  0x000000001add3000 JavaThread "jar transforms Thread 142" [_thread_blocked, id=4104, stack(0x0000000028d90000,0x0000000028e90000)]
  0x000000001adc8800 JavaThread "jar transforms Thread 141" [_thread_blocked, id=14472, stack(0x00000000289d0000,0x0000000028ad0000)]
  0x000000001adce800 JavaThread "jar transforms Thread 140" [_thread_blocked, id=8200, stack(0x00000000288d0000,0x00000000289d0000)]
  0x000000001adce000 JavaThread "jar transforms Thread 139" [_thread_blocked, id=12052, stack(0x00000000287d0000,0x00000000288d0000)]
  0x000000001adc6800 JavaThread "jar transforms Thread 138" [_thread_blocked, id=3948, stack(0x00000000286d0000,0x00000000287d0000)]
  0x000000001adc9800 JavaThread "jar transforms Thread 137" [_thread_blocked, id=17132, stack(0x00000000285d0000,0x00000000286d0000)]
  0x000000001adc8000 JavaThread "jar transforms Thread 136" [_thread_blocked, id=11068, stack(0x00000000284d0000,0x00000000285d0000)]
  0x000000001adcd000 JavaThread "jar transforms Thread 135" [_thread_blocked, id=3376, stack(0x00000000283d0000,0x00000000284d0000)]
  0x000000001adcc800 JavaThread "jar transforms Thread 134" [_thread_blocked, id=18372, stack(0x00000000282d0000,0x00000000283d0000)]
  0x000000001adc7000 JavaThread "jar transforms Thread 133" [_thread_blocked, id=11824, stack(0x00000000281d0000,0x00000000282d0000)]
  0x000000001adc5800 JavaThread "jar transforms Thread 132" [_thread_blocked, id=14308, stack(0x00000000280d0000,0x00000000281d0000)]
  0x000000001adcb800 JavaThread "jar transforms Thread 131" [_thread_blocked, id=12684, stack(0x0000000027fd0000,0x00000000280d0000)]
  0x000000001adc5000 JavaThread "jar transforms Thread 130" [_thread_blocked, id=14492, stack(0x0000000027ed0000,0x0000000027fd0000)]
  0x000000001adca000 JavaThread "jar transforms Thread 129" [_thread_blocked, id=13440, stack(0x0000000027dd0000,0x0000000027ed0000)]
  0x000000001adcb000 JavaThread "jar transforms Thread 128" [_thread_blocked, id=8700, stack(0x0000000027cd0000,0x0000000027dd0000)]
  0x000000001adc4000 JavaThread "jar transforms Thread 127" [_thread_blocked, id=16060, stack(0x0000000027bd0000,0x0000000027cd0000)]
  0x000000001b3d7800 JavaThread "jar transforms Thread 126" [_thread_blocked, id=14900, stack(0x0000000027ad0000,0x0000000027bd0000)]
  0x000000001b3d6800 JavaThread "jar transforms Thread 125" [_thread_blocked, id=184, stack(0x00000000279d0000,0x0000000027ad0000)]
  0x000000001b3d8000 JavaThread "jar transforms Thread 124" [_thread_blocked, id=10460, stack(0x00000000278d0000,0x00000000279d0000)]
  0x000000001b3d5000 JavaThread "jar transforms Thread 123" [_thread_blocked, id=15176, stack(0x00000000277d0000,0x00000000278d0000)]
  0x000000001b3d3000 JavaThread "jar transforms Thread 122" [_thread_blocked, id=15580, stack(0x00000000276d0000,0x00000000277d0000)]
  0x000000001b201000 JavaThread "jar transforms Thread 121" [_thread_blocked, id=12404, stack(0x00000000275d0000,0x00000000276d0000)]
  0x000000001b1fb800 JavaThread "jar transforms Thread 120" [_thread_blocked, id=8952, stack(0x00000000274d0000,0x00000000275d0000)]
  0x000000001b1fe800 JavaThread "jar transforms Thread 119" [_thread_blocked, id=14416, stack(0x00000000273d0000,0x00000000274d0000)]
  0x000000001b1ff800 JavaThread "jar transforms Thread 118" [_thread_blocked, id=12480, stack(0x00000000272d0000,0x00000000273d0000)]
  0x000000001b1fe000 JavaThread "jar transforms Thread 117" [_thread_blocked, id=5464, stack(0x00000000271d0000,0x00000000272d0000)]
  0x000000001b1fd000 JavaThread "jar transforms Thread 116" [_thread_blocked, id=17676, stack(0x00000000270d0000,0x00000000271d0000)]
  0x000000001b200000 JavaThread "jar transforms Thread 115" [_thread_blocked, id=5312, stack(0x0000000026fd0000,0x00000000270d0000)]
  0x000000001b1fc800 JavaThread "jar transforms Thread 114" [_thread_blocked, id=6940, stack(0x0000000026ed0000,0x0000000026fd0000)]
  0x000000001b722800 JavaThread "jar transforms Thread 113" [_thread_blocked, id=8352, stack(0x0000000026dd0000,0x0000000026ed0000)]
  0x000000001b71e800 JavaThread "jar transforms Thread 112" [_thread_blocked, id=7660, stack(0x0000000026cd0000,0x0000000026dd0000)]
  0x000000001b725800 JavaThread "jar transforms Thread 111" [_thread_blocked, id=5900, stack(0x0000000026bd0000,0x0000000026cd0000)]
  0x000000001b721800 JavaThread "jar transforms Thread 110" [_thread_blocked, id=6212, stack(0x0000000026ad0000,0x0000000026bd0000)]
  0x000000001b721000 JavaThread "jar transforms Thread 109" [_thread_blocked, id=13408, stack(0x00000000269d0000,0x0000000026ad0000)]
  0x000000001b71e000 JavaThread "jar transforms Thread 108" [_thread_blocked, id=10992, stack(0x00000000268d0000,0x00000000269d0000)]
  0x000000001b71f800 JavaThread "jar transforms Thread 107" [_thread_blocked, id=15268, stack(0x00000000267d0000,0x00000000268d0000)]
  0x000000001b720000 JavaThread "jar transforms Thread 106" [_thread_blocked, id=14536, stack(0x00000000266d0000,0x00000000267d0000)]
  0x000000001b724000 JavaThread "jar transforms Thread 105" [_thread_blocked, id=9712, stack(0x00000000265d0000,0x00000000266d0000)]
  0x000000001b724800 JavaThread "jar transforms Thread 104" [_thread_blocked, id=4460, stack(0x00000000264d0000,0x00000000265d0000)]
  0x000000001b723000 JavaThread "jar transforms Thread 103" [_thread_blocked, id=2596, stack(0x00000000263d0000,0x00000000264d0000)]
  0x000000001b716800 JavaThread "jar transforms Thread 102" [_thread_blocked, id=32, stack(0x00000000262d0000,0x00000000263d0000)]
  0x000000001b71d000 JavaThread "jar transforms Thread 101" [_thread_blocked, id=12668, stack(0x00000000261d0000,0x00000000262d0000)]
  0x000000001b71a000 JavaThread "jar transforms Thread 100" [_thread_blocked, id=7800, stack(0x0000000025ed0000,0x0000000025fd0000)]
  0x000000002082e800 JavaThread "jar transforms Thread 99" [_thread_blocked, id=1188, stack(0x0000000025bb0000,0x0000000025cb0000)]
  0x000000002082c800 JavaThread "jar transforms Thread 98" [_thread_blocked, id=6052, stack(0x0000000025ab0000,0x0000000025bb0000)]
  0x000000002082e000 JavaThread "jar transforms Thread 97" [_thread_blocked, id=13376, stack(0x00000000259b0000,0x0000000025ab0000)]
  0x0000000020831800 JavaThread "jar transforms Thread 96" [_thread_blocked, id=6068, stack(0x00000000258b0000,0x00000000259b0000)]
  0x0000000020833000 JavaThread "jar transforms Thread 95" [_thread_blocked, id=6504, stack(0x00000000257b0000,0x00000000258b0000)]
  0x000000002082b800 JavaThread "Build operations Thread 4" [_thread_blocked, id=16016, stack(0x00000000256b0000,0x00000000257b0000)]
  0x0000000020831000 JavaThread "Build operations Thread 3" [_thread_blocked, id=16644, stack(0x0000000023930000,0x0000000023a30000)]
  0x0000000020832800 JavaThread "Build operations Thread 2" [_thread_blocked, id=7596, stack(0x0000000023030000,0x0000000023130000)]
  0x000000002082d000 JavaThread "Build operations" [_thread_blocked, id=980, stack(0x0000000022f30000,0x0000000023030000)]
  0x0000000020830000 JavaThread "Cache worker for cache directory md-rule (C:\Users\Administrator\.gradle\caches\6.5\md-rule)" [_thread_blocked, id=10108, stack(0x0000000022e30000,0x0000000022f30000)]
  0x000000002082f800 JavaThread "Cache worker for cache directory md-supplier (C:\Users\Administrator\.gradle\caches\6.5\md-supplier)" [_thread_blocked, id=2188, stack(0x0000000022b00000,0x0000000022c00000)]
  0x0000000020825000 JavaThread "Cache worker for checksums cache (C:\Users\Administrator\Desktop\github_clone\SilverYogaApp3\.gradle\checksums)" [_thread_blocked, id=8432, stack(0x0000000020580000,0x0000000020680000)]
  0x0000000020824000 JavaThread "Cache worker for file hash cache (C:\Users\Administrator\Desktop\github_clone\SilverYogaApp3\.gradle\6.5\fileHashes)" [_thread_blocked, id=3848, stack(0x0000000020480000,0x0000000020580000)]
  0x000000002082b000 JavaThread "Thread-128" [_thread_blocked, id=18044, stack(0x0000000020380000,0x0000000020480000)]
  0x000000002082a000 JavaThread "Stdin handler" [_thread_blocked, id=13768, stack(0x000000001d670000,0x000000001d770000)]
  0x0000000020829800 JavaThread "Asynchronous log dispatcher for DefaultDaemonConnection: socket connection from /127.0.0.1:1658 to /127.0.0.1:1808" [_thread_blocked, id=11664, stack(0x000000001d570000,0x000000001d670000)]
  0x0000000020828000 JavaThread "Daemon worker Thread 2" [_thread_blocked, id=8552, stack(0x000000001d470000,0x000000001d570000)]
  0x0000000020828800 JavaThread "Cancel handler" [_thread_blocked, id=15636, stack(0x000000001d370000,0x000000001d470000)]
  0x0000000020827000 JavaThread "Handler for socket connection from /127.0.0.1:1658 to /127.0.0.1:1808" [_thread_in_native, id=15052, stack(0x000000001d270000,0x000000001d370000)]
  0x0000000020826800 JavaThread "Daemon Thread 2" [_thread_blocked, id=8748, stack(0x0000000001430000,0x0000000001530000)]
  0x000000001b3d6000 JavaThread "Memory manager" [_thread_blocked, id=2128, stack(0x000000002caa0000,0x000000002cba0000)]
  0x000000001b719800 JavaThread "Cache worker for file content cache (C:\Users\Administrator\.gradle\caches\6.5\fileContent)" [_thread_blocked, id=9300, stack(0x0000000023830000,0x0000000023930000)]
  0x000000001b71b800 JavaThread "Cache worker for execution history cache (C:\Users\Administrator\.gradle\caches\6.5\executionHistory)" [_thread_blocked, id=13524, stack(0x0000000023330000,0x0000000023430000)]
  0x000000001b1fb000 JavaThread "Cache worker for file hash cache (C:\Users\Administrator\.gradle\caches\6.5\fileHashes)" [_thread_blocked, id=17200, stack(0x000000001ec40000,0x000000001ed40000)]
  0x000000001b1fa000 JavaThread "File lock request listener" [_thread_in_native, id=15848, stack(0x000000001db70000,0x000000001dc70000)]
  0x000000001af16000 JavaThread "Cache worker for journal cache (C:\Users\Administrator\.gradle\caches\journal-1)" [_thread_blocked, id=14396, stack(0x000000001d970000,0x000000001da70000)]
  0x000000001aa78000 JavaThread "Daemon periodic checks" [_thread_blocked, id=6976, stack(0x000000001cd70000,0x000000001ce70000)]
  0x00000000195b5800 JavaThread "Incoming local TCP Connector on port 1658" [_thread_in_native, id=3472, stack(0x000000001cb90000,0x000000001cc90000)]
  0x00000000194f7000 JavaThread "Daemon health stats" [_thread_blocked, id=16700, stack(0x000000001c890000,0x000000001c990000)]
  0x0000000019415800 JavaThread "Service Thread" daemon [_thread_blocked, id=13372, stack(0x0000000019c90000,0x0000000019d90000)]
  0x00000000193a3000 JavaThread "C1 CompilerThread2" daemon [_thread_blocked, id=1928, stack(0x0000000019b90000,0x0000000019c90000)]
  0x0000000017fc5000 JavaThread "C2 CompilerThread1" daemon [_thread_blocked, id=2356, stack(0x0000000019a90000,0x0000000019b90000)]
=>0x0000000017fbe000 JavaThread "C2 CompilerThread0" daemon [_thread_in_native, id=16236, stack(0x0000000019990000,0x0000000019a90000)]
  0x000000001800d800 JavaThread "Attach Listener" daemon [_thread_blocked, id=13964, stack(0x0000000019890000,0x0000000019990000)]
  0x00000000193a0800 JavaThread "Signal Dispatcher" daemon [_thread_blocked, id=14036, stack(0x0000000019790000,0x0000000019890000)]
  0x000000000338c000 JavaThread "Finalizer" daemon [_thread_blocked, id=15924, stack(0x0000000019200000,0x0000000019300000)]
  0x0000000017f99000 JavaThread "Reference Handler" daemon [_thread_blocked, id=16344, stack(0x0000000019100000,0x0000000019200000)]
  0x0000000003292800 JavaThread "main" [_thread_blocked, id=14228, stack(0x0000000003190000,0x0000000003290000)]

Other Threads:
  0x0000000017f77000 VMThread [stack: 0x0000000019000000,0x0000000019100000] [id=18140]
  0x0000000019416800 WatcherThread [stack: 0x0000000019d90000,0x0000000019e90000] [id=11700]

VM state:not at safepoint (normal execution)

VM Mutex/Monitor currently owned by a thread: None

heap address: 0x0000000080000000, size: 2048 MB, Compressed Oops mode: 32-bit
Narrow klass base: 0x0000000000000000, Narrow klass shift: 3
Compressed class space size: 1073741824 Address: 0x0000000100000000

Heap:
 PSYoungGen      total 670720K, used 406129K [0x00000000d5580000, 0x0000000100000000, 0x0000000100000000)
  eden space 642560K, 63% used [0x00000000d5580000,0x00000000ee21c770,0x00000000fc900000)
  from space 28160K, 0% used [0x00000000fc900000,0x00000000fc900000,0x00000000fe480000)
  to   space 28160K, 0% used [0x00000000fe480000,0x00000000fe480000,0x0000000100000000)
 ParOldGen       total 193536K, used 88126K [0x0000000080000000, 0x000000008bd00000, 0x00000000d5580000)
  object space 193536K, 45% used [0x0000000080000000,0x000000008560fa88,0x000000008bd00000)
 Metaspace       used 97645K, capacity 102108K, committed 102348K, reserved 1138688K
  class space    used 12573K, capacity 13491K, committed 13568K, reserved 1048576K

Card table byte_map: [0x0000000012750000,0x0000000012b60000] byte_map_base: 0x0000000012350000

Marking Bits: (ParMarkBitMap*) 0x00000000713cf030
 Begin Bits: [0x0000000013210000, 0x0000000015210000)
 End Bits:   [0x0000000015210000, 0x0000000017210000)

Polling page: 0x0000000001580000

CodeCache: size=245760Kb used=48514Kb max_used=48524Kb free=197245Kb
 bounds [0x0000000003390000, 0x0000000006330000, 0x0000000012390000]
 total_blobs=14752 nmethods=13841 adapters=823
 compilation: enabled

Compilation events (10 events):
Event: 557.266 Thread 0x0000000017fc5000 nmethod 16908 0x0000000006317f10 code [0x00000000063180a0, 0x0000000006318898]
Event: 557.266 Thread 0x0000000017fc5000 16910       4       com.sun.org.apache.xerces.internal.dom.NamedNodeMapImpl::setOwnerDocument (43 bytes)
Event: 557.292 Thread 0x0000000017fc5000 nmethod 16910 0x0000000006317310 code [0x00000000063174a0, 0x0000000006317b98]
Event: 557.336 Thread 0x0000000017fc5000 16911       4       com.sun.org.apache.xerces.internal.dom.AttrImpl::getNodeValue (5 bytes)
Event: 557.344 Thread 0x0000000017fc5000 nmethod 16911 0x0000000006315690 code [0x00000000063157e0, 0x00000000063158f8]
Event: 557.426 Thread 0x0000000017fc5000 16912       4       com.google.common.collect.AbstractMapBasedMultimap$WrappedCollection$WrappedIterator::hasNext (14 bytes)
Event: 557.429 Thread 0x0000000017fc5000 nmethod 16912 0x00000000063098d0 code [0x0000000006309a20, 0x0000000006309b98]
Event: 557.429 Thread 0x0000000017fc5000 16913       4       com.sun.org.apache.xerces.internal.dom.DocumentImpl::getImplementation (4 bytes)
Event: 557.429 Thread 0x0000000017fc5000 nmethod 16913 0x00000000063096d0 code [0x0000000006309800, 0x0000000006309878]
Event: 557.436 Thread 0x0000000017fc5000 16914       4       com.sun.org.apache.xerces.internal.dom.ChildNode::getParentNode (16 bytes)

GC Heap History (10 events):
Event: 71.146 GC heap before
{Heap before GC invocations=17 (full 3):
 PSYoungGen      total 461312K, used 461285K [0x00000000d5580000, 0x00000000fac80000, 0x0000000100000000)
  eden space 438784K, 100% used [0x00000000d5580000,0x00000000f0200000,0x00000000f0200000)
  from space 22528K, 99% used [0x00000000f0200000,0x00000000f17f95b0,0x00000000f1800000)
  to   space 29184K, 0% used [0x00000000f9000000,0x00000000f9000000,0x00000000fac80000)
 ParOldGen       total 115712K, used 52335K [0x0000000080000000, 0x0000000087100000, 0x00000000d5580000)
  object space 115712K, 45% used [0x0000000080000000,0x000000008331bde8,0x0000000087100000)
 Metaspace       used 85443K, capacity 89410K, committed 89560K, reserved 1126400K
  class space    used 11380K, capacity 12200K, committed 12288K, reserved 1048576K
Event: 71.183 GC heap after
Heap after GC invocations=17 (full 3):
 PSYoungGen      total 549888K, used 11621K [0x00000000d5580000, 0x00000000f9b80000, 0x0000000100000000)
  eden space 538112K, 0% used [0x00000000d5580000,0x00000000d5580000,0x00000000f6300000)
  from space 11776K, 98% used [0x00000000f9000000,0x00000000f9b59770,0x00000000f9b80000)
  to   space 27648K, 0% used [0x00000000f6580000,0x00000000f6580000,0x00000000f8080000)
 ParOldGen       total 115712K, used 70634K [0x0000000080000000, 0x0000000087100000, 0x00000000d5580000)
  object space 115712K, 61% used [0x0000000080000000,0x00000000844fa930,0x0000000087100000)
 Metaspace       used 85443K, capacity 89410K, committed 89560K, reserved 1126400K
  class space    used 11380K, capacity 12200K, committed 12288K, reserved 1048576K
}
Event: 78.579 GC heap before
{Heap before GC invocations=18 (full 3):
 PSYoungGen      total 549888K, used 549733K [0x00000000d5580000, 0x00000000f9b80000, 0x0000000100000000)
  eden space 538112K, 100% used [0x00000000d5580000,0x00000000f6300000,0x00000000f6300000)
  from space 11776K, 98% used [0x00000000f9000000,0x00000000f9b59770,0x00000000f9b80000)
  to   space 27648K, 0% used [0x00000000f6580000,0x00000000f6580000,0x00000000f8080000)
 ParOldGen       total 115712K, used 70634K [0x0000000080000000, 0x0000000087100000, 0x00000000d5580000)
  object space 115712K, 61% used [0x0000000080000000,0x00000000844fa930,0x0000000087100000)
 Metaspace       used 86082K, capacity 90084K, committed 90328K, reserved 1128448K
  class space    used 11397K, capacity 12209K, committed 12288K, reserved 1048576K
Event: 78.666 GC heap after
Heap after GC invocations=18 (full 3):
 PSYoungGen      total 568320K, used 12937K [0x00000000d5580000, 0x0000000100000000, 0x0000000100000000)
  eden space 540672K, 0% used [0x00000000d5580000,0x00000000d5580000,0x00000000f6580000)
  from space 27648K, 46% used [0x00000000f6580000,0x00000000f72225d8,0x00000000f8080000)
  to   space 26624K, 0% used [0x00000000fe600000,0x00000000fe600000,0x0000000100000000)
 ParOldGen       total 115712K, used 70642K [0x0000000080000000, 0x0000000087100000, 0x00000000d5580000)
  object space 115712K, 61% used [0x0000000080000000,0x00000000844fc930,0x0000000087100000)
 Metaspace       used 86082K, capacity 90084K, committed 90328K, reserved 1128448K
  class space    used 11397K, capacity 12209K, committed 12288K, reserved 1048576K
}
Event: 93.657 GC heap before
{Heap before GC invocations=19 (full 3):
 PSYoungGen      total 568320K, used 553609K [0x00000000d5580000, 0x0000000100000000, 0x0000000100000000)
  eden space 540672K, 100% used [0x00000000d5580000,0x00000000f6580000,0x00000000f6580000)
  from space 27648K, 46% used [0x00000000f6580000,0x00000000f72225d8,0x00000000f8080000)
  to   space 26624K, 0% used [0x00000000fe600000,0x00000000fe600000,0x0000000100000000)
 ParOldGen       total 115712K, used 70642K [0x0000000080000000, 0x0000000087100000, 0x00000000d5580000)
  object space 115712K, 61% used [0x0000000080000000,0x00000000844fc930,0x0000000087100000)
 Metaspace       used 87974K, capacity 91928K, committed 92248K, reserved 1128448K
  class space    used 11533K, capacity 12327K, committed 12416K, reserved 1048576K
Event: 93.722 GC heap after
Heap after GC invocations=19 (full 3):
 PSYoungGen      total 669184K, used 20706K [0x00000000d5580000, 0x0000000100000000, 0x0000000100000000)
  eden space 642560K, 0% used [0x00000000d5580000,0x00000000d5580000,0x00000000fc900000)
  from space 26624K, 77% used [0x00000000fe600000,0x00000000ffa38bb8,0x0000000100000000)
  to   space 28160K, 0% used [0x00000000fc900000,0x00000000fc900000,0x00000000fe480000)
 ParOldGen       total 115712K, used 70650K [0x0000000080000000, 0x0000000087100000, 0x00000000d5580000)
  object space 115712K, 61% used [0x0000000080000000,0x00000000844fe930,0x0000000087100000)
 Metaspace       used 87974K, capacity 91928K, committed 92248K, reserved 1128448K
  class space    used 11533K, capacity 12327K, committed 12416K, reserved 1048576K
}
Event: 148.082 GC heap before
{Heap before GC invocations=20 (full 3):
 PSYoungGen      total 669184K, used 438758K [0x00000000d5580000, 0x0000000100000000, 0x0000000100000000)
  eden space 642560K, 65% used [0x00000000d5580000,0x00000000eedc0f50,0x00000000fc900000)
  from space 26624K, 77% used [0x00000000fe600000,0x00000000ffa38bb8,0x0000000100000000)
  to   space 28160K, 0% used [0x00000000fc900000,0x00000000fc900000,0x00000000fe480000)
 ParOldGen       total 115712K, used 70650K [0x0000000080000000, 0x0000000087100000, 0x00000000d5580000)
  object space 115712K, 61% used [0x0000000080000000,0x00000000844fe930,0x0000000087100000)
 Metaspace       used 93793K, capacity 98206K, committed 98380K, reserved 1134592K
  class space    used 12189K, capacity 13118K, committed 13184K, reserved 1048576K
Event: 148.161 GC heap after
Heap after GC invocations=20 (full 3):
 PSYoungGen      total 670720K, used 28157K [0x00000000d5580000, 0x0000000100000000, 0x0000000100000000)
  eden space 642560K, 0% used [0x00000000d5580000,0x00000000d5580000,0x00000000fc900000)
  from space 28160K, 99% used [0x00000000fc900000,0x00000000fe47f510,0x00000000fe480000)
  to   space 28160K, 0% used [0x00000000fe480000,0x00000000fe480000,0x0000000100000000)
 ParOldGen       total 115712K, used 83992K [0x0000000080000000, 0x0000000087100000, 0x00000000d5580000)
  object space 115712K, 72% used [0x0000000080000000,0x0000000085206280,0x0000000087100000)
 Metaspace       used 93793K, capacity 98206K, committed 98380K, reserved 1134592K
  class space    used 12189K, capacity 13118K, committed 13184K, reserved 1048576K
}
Event: 148.161 GC heap before
{Heap before GC invocations=21 (full 4):
 PSYoungGen      total 670720K, used 28157K [0x00000000d5580000, 0x0000000100000000, 0x0000000100000000)
  eden space 642560K, 0% used [0x00000000d5580000,0x00000000d5580000,0x00000000fc900000)
  from space 28160K, 99% used [0x00000000fc900000,0x00000000fe47f510,0x00000000fe480000)
  to   space 28160K, 0% used [0x00000000fe480000,0x00000000fe480000,0x0000000100000000)
 ParOldGen       total 115712K, used 83992K [0x0000000080000000, 0x0000000087100000, 0x00000000d5580000)
  object space 115712K, 72% used [0x0000000080000000,0x0000000085206280,0x0000000087100000)
 Metaspace       used 93793K, capacity 98206K, committed 98380K, reserved 1134592K
  class space    used 12189K, capacity 13118K, committed 13184K, reserved 1048576K
Event: 148.556 GC heap after
Heap after GC invocations=21 (full 4):
 PSYoungGen      total 670720K, used 0K [0x00000000d5580000, 0x0000000100000000, 0x0000000100000000)
  eden space 642560K, 0% used [0x00000000d5580000,0x00000000d5580000,0x00000000fc900000)
  from space 28160K, 0% used [0x00000000fc900000,0x00000000fc900000,0x00000000fe480000)
  to   space 28160K, 0% used [0x00000000fe480000,0x00000000fe480000,0x0000000100000000)
 ParOldGen       total 193536K, used 88126K [0x0000000080000000, 0x000000008bd00000, 0x00000000d5580000)
  object space 193536K, 45% used [0x0000000080000000,0x000000008560fa88,0x000000008bd00000)
 Metaspace       used 93689K, capacity 97920K, committed 98380K, reserved 1134592K
  class space    used 12155K, capacity 13057K, committed 13184K, reserved 1048576K
}

Deoptimization events (10 events):
Event: 556.338 Thread 0x0000000020c43800 Uncommon trap: reason=null_check action=make_not_entrant pc=0x00000000062c3ae8 method=com.android.ide.common.resources.NodeUtils.processSingleNodeNamespace(Lorg/w3c/dom/Node;Lorg/w3c/dom/Document;)Z @ 8
Event: 556.341 Thread 0x0000000020c43800 Uncommon trap: reason=null_check action=make_not_entrant pc=0x000000000623db8c method=com.sun.org.apache.xerces.internal.dom.CoreDocumentImpl.getUserData(Lorg/w3c/dom/Node;Ljava/lang/String;)Ljava/lang/Object; @ 19
Event: 556.341 Thread 0x0000000020c43800 Uncommon trap: reason=null_check action=make_not_entrant pc=0x000000000623ed6c method=com.sun.org.apache.xerces.internal.dom.CoreDocumentImpl.getUserData(Lorg/w3c/dom/Node;Ljava/lang/String;)Ljava/lang/Object; @ 19
Event: 556.435 Thread 0x0000000020c43800 Uncommon trap: reason=unstable_if action=reinterpret pc=0x00000000055cbcf0 method=sun.nio.cs.UTF_8$Encoder.encodeArrayLoop(Ljava/nio/CharBuffer;Ljava/nio/ByteBuffer;)Ljava/nio/charset/CoderResult; @ 113
Event: 556.435 Thread 0x0000000020c43800 Uncommon trap: reason=unstable_if action=reinterpret pc=0x00000000040d653c method=java.nio.charset.CharsetEncoder.encode(Ljava/nio/CharBuffer;Ljava/nio/ByteBuffer;Z)Ljava/nio/charset/CoderResult; @ 94
Event: 556.436 Thread 0x0000000020c43800 Uncommon trap: reason=unstable_if action=reinterpret pc=0x000000000519b4bc method=sun.nio.cs.UTF_8$Encoder.encodeArrayLoop(Ljava/nio/CharBuffer;Ljava/nio/ByteBuffer;)Ljava/nio/charset/CoderResult; @ 113
Event: 556.609 Thread 0x0000000020c43800 Uncommon trap: reason=bimorphic action=maybe_recompile pc=0x00000000061fb194 method=com.sun.org.apache.xerces.internal.dom.AttributeMap.setNamedItem(Lorg/w3c/dom/Node;)Lorg/w3c/dom/Node; @ 4
Event: 556.727 Thread 0x0000000020c43800 Uncommon trap: reason=bimorphic action=maybe_recompile pc=0x00000000061fb194 method=com.sun.org.apache.xerces.internal.dom.AttributeMap.setNamedItem(Lorg/w3c/dom/Node;)Lorg/w3c/dom/Node; @ 4
Event: 556.850 Thread 0x0000000020c43800 Uncommon trap: reason=unstable_if action=reinterpret pc=0x0000000006308438 method=sun.nio.cs.UTF_8$Encoder.encodeArrayLoop(Ljava/nio/CharBuffer;Ljava/nio/ByteBuffer;)Ljava/nio/charset/CoderResult; @ 166
Event: 556.960 Thread 0x0000000020c43800 Uncommon trap: reason=unstable_if action=reinterpret pc=0x0000000005abd028 method=com.sun.org.apache.xerces.internal.dom.ElementImpl.getTagName()Ljava/lang/String; @ 4

Classes redefined (0 events):
No events

Internal exceptions (10 events):
Event: 550.012 Thread 0x0000000020c46800 Exception <a 'sun/nio/fs/WindowsException'> (0x00000000e18a2110) thrown at [C:\src\AOSP-openjdk-git\hotspot\src\share\vm\prims\jni.cpp, line 710]
Event: 550.566 Thread 0x0000000020828000 Exception <a 'java/lang/NoSuchMethodError': <clinit>> (0x00000000e2982c08) thrown at [C:\src\AOSP-openjdk-git\hotspot\src\share\vm\prims\jni.cpp, line 1615]
Event: 550.601 Thread 0x000000002082b000 Exception <a 'java/lang/NoSuchMethodError': <clinit>> (0x00000000d764fd10) thrown at [C:\src\AOSP-openjdk-git\hotspot\src\share\vm\prims\jni.cpp, line 1615]
Event: 550.648 Thread 0x0000000020c40800 Exception <a 'java/lang/NoSuchMethodError': java.lang.Object.lambda$codePoints$1()Ljava/util/Spliterator$OfInt;> (0x00000000ddbb9330) thrown at [C:\src\AOSP-openjdk-git\hotspot\src\share\vm\interpreter\linkResolver.cpp, line 620]
Event: 552.893 Thread 0x000000002082b800 Exception <a 'sun/nio/fs/WindowsException'> (0x00000000e3b0fc80) thrown at [C:\src\AOSP-openjdk-git\hotspot\src\share\vm\prims\jni.cpp, line 710]
Event: 552.900 Thread 0x000000002082b800 Exception <a 'sun/nio/fs/WindowsException'> (0x00000000e3b18fb0) thrown at [C:\src\AOSP-openjdk-git\hotspot\src\share\vm\prims\jni.cpp, line 710]
Event: 552.964 Thread 0x000000002082b800 Exception <a 'sun/nio/fs/WindowsException'> (0x00000000e3b1ed98) thrown at [C:\src\AOSP-openjdk-git\hotspot\src\share\vm\prims\jni.cpp, line 710]
Event: 554.327 Thread 0x0000000020c43800 Implicit null exception at 0x00000000061a26cf to 0x00000000061a5181
Event: 555.467 Thread 0x0000000020c43800 Implicit null exception at 0x000000000626f992 to 0x0000000006270009
Event: 556.338 Thread 0x0000000020c43800 Implicit null exception at 0x00000000062c3757 to 0x00000000062c3ad9

Events (10 events):
Event: 556.850 Thread 0x0000000020c43800 DEOPT PACKING pc=0x00000000062eda4f sp=0x000000002fa6a8c0
Event: 556.850 Thread 0x0000000020c43800 DEOPT UNPACKING pc=0x00000000033d75d0 sp=0x000000002fa6a6b0 mode 0
Event: 556.850 Thread 0x0000000020c43800 Uncommon trap: trap_request=0xffffff65 fr.pc=0x0000000006308438
Event: 556.850 Thread 0x0000000020c43800 DEOPT PACKING pc=0x0000000006308438 sp=0x000000002fa6a990
Event: 556.850 Thread 0x0000000020c43800 DEOPT UNPACKING pc=0x00000000033d557b sp=0x000000002fa6a930 mode 2
Event: 556.960 Thread 0x0000000020c43800 Uncommon trap: trap_request=0xffffff65 fr.pc=0x0000000005abd028
Event: 556.960 Thread 0x0000000020c43800 DEOPT PACKING pc=0x0000000005abd028 sp=0x000000002fa6aae0
Event: 556.960 Thread 0x0000000020c43800 DEOPT UNPACKING pc=0x00000000033d557b sp=0x000000002fa6aa80 mode 2
Event: 557.074 Thread 0x0000000020c43800 DEOPT PACKING pc=0x00000000062c85dd sp=0x000000002fa6a8c0
Event: 557.074 Thread 0x0000000020c43800 DEOPT UNPACKING pc=0x00000000033d75d0 sp=0x000000002fa6a628 mode 0


Dynamic libraries:
0x00007ff6759a0000 - 0x00007ff6759d1000 	C:\Program Files\Android\Android Studio\jre\bin\java.exe
0x00007fff718d0000 - 0x00007fff71ac6000 	C:\WINDOWS\SYSTEM32\ntdll.dll
0x00007fff6fe80000 - 0x00007fff6ff3d000 	C:\WINDOWS\System32\KERNEL32.DLL
0x00007fff6f430000 - 0x00007fff6f6f9000 	C:\WINDOWS\System32\KERNELBASE.dll
0x00007fff71100000 - 0x00007fff711ac000 	C:\WINDOWS\System32\ADVAPI32.dll
0x00007fff6ff40000 - 0x00007fff6ffde000 	C:\WINDOWS\System32\msvcrt.dll
0x00007fff70a10000 - 0x00007fff70aac000 	C:\WINDOWS\System32\sechost.dll
0x00007fff6fd50000 - 0x00007fff6fe7b000 	C:\WINDOWS\System32\RPCRT4.dll
0x00007fff6f990000 - 0x00007fff6fb30000 	C:\WINDOWS\System32\USER32.dll
0x00007fff6f900000 - 0x00007fff6f922000 	C:\WINDOWS\System32\win32u.dll
0x00007fff711e0000 - 0x00007fff7120a000 	C:\WINDOWS\System32\GDI32.dll
0x00007fff6f1c0000 - 0x00007fff6f2c9000 	C:\WINDOWS\System32\gdi32full.dll
0x00007fff6f700000 - 0x00007fff6f79d000 	C:\WINDOWS\System32\msvcp_win.dll
0x00007fff6f0c0000 - 0x00007fff6f1c0000 	C:\WINDOWS\System32\ucrtbase.dll
0x00007fff63ef0000 - 0x00007fff6418b000 	C:\WINDOWS\WinSxS\amd64_microsoft.windows.common-controls_6595b64144ccf1df_6.0.19041.488_none_ca04af081b815d21\COMCTL32.dll
0x00007fff711b0000 - 0x00007fff711e0000 	C:\WINDOWS\System32\IMM32.DLL
0x0000000070a40000 - 0x0000000070b12000 	C:\Program Files\Android\Android Studio\jre\jre\bin\msvcr100.dll
0x0000000070c00000 - 0x000000007144b000 	C:\Program Files\Android\Android Studio\jre\jre\bin\server\jvm.dll
0x00007fff70ab0000 - 0x00007fff70ab8000 	C:\WINDOWS\System32\PSAPI.DLL
0x00007fff64660000 - 0x00007fff64687000 	C:\WINDOWS\SYSTEM32\WINMM.dll
0x00007fff656b0000 - 0x00007fff656ba000 	C:\WINDOWS\SYSTEM32\VERSION.dll
0x00007fff6d7b0000 - 0x00007fff6d7b9000 	C:\WINDOWS\SYSTEM32\WSOCK32.dll
0x00007fff712c0000 - 0x00007fff7132b000 	C:\WINDOWS\System32\WS2_32.dll
0x00007fff6a970000 - 0x00007fff6a97f000 	C:\Program Files\Android\Android Studio\jre\jre\bin\verify.dll
0x00007fff63a30000 - 0x00007fff63a59000 	C:\Program Files\Android\Android Studio\jre\jre\bin\java.dll
0x00007fff637c0000 - 0x00007fff637d6000 	C:\Program Files\Android\Android Studio\jre\jre\bin\zip.dll
0x00007fff6ffe0000 - 0x00007fff70722000 	C:\WINDOWS\System32\SHELL32.dll
0x00007fff6d010000 - 0x00007fff6d7a5000 	C:\WINDOWS\SYSTEM32\windows.storage.dll
0x00007fff71330000 - 0x00007fff71686000 	C:\WINDOWS\System32\combase.dll
0x00007fff6ea80000 - 0x00007fff6eaac000 	C:\WINDOWS\SYSTEM32\Wldp.dll
0x00007fff71210000 - 0x00007fff712be000 	C:\WINDOWS\System32\SHCORE.dll
0x00007fff6f930000 - 0x00007fff6f985000 	C:\WINDOWS\System32\shlwapi.dll
0x00007fff6ef40000 - 0x00007fff6ef66000 	C:\WINDOWS\SYSTEM32\profapi.dll
0x00007fff62770000 - 0x00007fff6278a000 	C:\Program Files\Android\Android Studio\jre\jre\bin\net.dll
0x00007fff6e800000 - 0x00007fff6e86a000 	C:\WINDOWS\system32\mswsock.dll
0x00007fff62750000 - 0x00007fff62763000 	C:\Program Files\Android\Android Studio\jre\jre\bin\nio.dll
0x00007fff555b0000 - 0x00007fff555d7000 	C:\Users\Administrator\.gradle\native\f6784746aeab05261644944871eae4fe03e0ef1612fff0a4a95f87b438bc6780\windows-amd64\native-platform.dll
0x00007fff69a90000 - 0x00007fff69a9d000 	C:\Program Files\Android\Android Studio\jre\jre\bin\management.dll
0x00007fff6e9d0000 - 0x00007fff6e9e8000 	C:\WINDOWS\SYSTEM32\CRYPTSP.dll
0x00007fff6e120000 - 0x00007fff6e154000 	C:\WINDOWS\system32\rsaenh.dll
0x00007fff6f400000 - 0x00007fff6f427000 	C:\WINDOWS\System32\bcrypt.dll
0x00007fff6ef00000 - 0x00007fff6ef2e000 	C:\WINDOWS\SYSTEM32\USERENV.dll
0x00007fff6f380000 - 0x00007fff6f400000 	C:\WINDOWS\System32\bcryptprimitives.dll
0x00007fff6e9f0000 - 0x00007fff6e9fc000 	C:\WINDOWS\SYSTEM32\CRYPTBASE.dll
0x00007fff6e4a0000 - 0x00007fff6e4db000 	C:\WINDOWS\SYSTEM32\IPHLPAPI.DLL
0x00007fff71760000 - 0x00007fff71768000 	C:\WINDOWS\System32\NSI.dll
0x00007fff66e20000 - 0x00007fff66e37000 	C:\WINDOWS\SYSTEM32\dhcpcsvc6.DLL
0x00007fff66b00000 - 0x00007fff66b1d000 	C:\WINDOWS\SYSTEM32\dhcpcsvc.DLL
0x00007fff6e4f0000 - 0x00007fff6e5bb000 	C:\WINDOWS\SYSTEM32\DNSAPI.dll
0x00007fff66fe0000 - 0x00007fff66feb000 	C:\WINDOWS\SYSTEM32\WINNSI.DLL
0x00007fff69970000 - 0x00007fff69994000 	C:\Program Files\Android\Android Studio\jre\jre\bin\sunec.dll
0x00007fff69960000 - 0x00007fff6996b000 	C:\Program Files\Android\Android Studio\jre\jre\bin\sunmscapi.dll
0x00007fff6f7a0000 - 0x00007fff6f8fd000 	C:\WINDOWS\System32\CRYPT32.dll
0x00007fff64610000 - 0x00007fff6461a000 	C:\Windows\System32\rasadhlp.dll
0x00007fff64710000 - 0x00007fff6478f000 	C:\WINDOWS\System32\fwpuclnt.dll
0x00007fff6dd30000 - 0x00007fff6dd63000 	C:\WINDOWS\SYSTEM32\ntmarta.dll

VM Arguments:
jvm_args: -Xmx2048m -Dfile.encoding=UTF-8 -Duser.country=KR -Duser.language=ko -Duser.variant 
java_command: org.gradle.launcher.daemon.bootstrap.GradleDaemon 6.5
java_class_path (initial): C:\Users\Administrator\.gradle\wrapper\dists\gradle-6.5-bin\6nifqtx7604sqp1q6g8wikw7p\gradle-6.5\lib\gradle-launcher-6.5.jar
Launcher Type: SUN_STANDARD

Environment Variables:
JAVA_HOME=C:\Program Files\Java\jdk-12.0.1
PATH=C:\Program Files (x86)\NetSarang\Xshell 6\;C:\Program Files\Java\jdk-12.0.1\bin;C:\Program Files (x86)\Common Files\Oracle\Java\javapath;C:\Program Files (x86)\Wizvera\Delfino;C:\Program Files\Common Files\Microsoft Shared\Windows Live;C:\Program Files (x86)\Common Files\Microsoft Shared\Windows Live;C:\ProgramData\Oracle\Java\javapath;C:\Program Files (x86)\Intel\iCLS Client\;C:\Program Files\Intel\iCLS Client\;C:\WINDOWS\system32;C:\WINDOWS;C:\WINDOWS\System32\Wbem;C:\WINDOWS\System32\WindowsPowerShell\v1.0\;C:\Program Files (x86)\Intel\OpenCL SDK\3.0\bin\x86;C:\Program Files (x86)\Intel\OpenCL SDK\3.0\bin\x64;C:\Program Files\Intel\WiFi\bin\;C:\Program Files\Common Files\Intel\WirelessCommon\;C:\Program Files (x86)\Skype\Phone\;C:\Program Files (x86)\Windows Live\Shared;C:\WINDOWS\System32\OpenSSH\;C:\WINDOWS\system32\config\systemprofile\.dnx\bin;C:\Program Files\Microsoft DNX\Dnvm\;C:\Program Files\Microsoft SQL Server\130\Tools\Binn\;C:\Program Files\Git\cmd;C:\Program Files\MySQL\MySQL Server 8.0\bin;C:\Users\Administrator\AppData\Local\Programs\Python\Python38\Scripts\;C:\Users\Administrator\AppData\Local\Programs\Python\Python38\;C:\Users\Administrator\AppData\Local\Programs\Python\Python39\Scripts\;C:\Users\Administrator\AppData\Local\Programs\Python\Python39\;C:\Program Files\MySQL\MySQL Shell 8.0\bin\;C:\Program Files\Intel\WiFi\bin\;C:\Program Files\Common Files\Intel\WirelessCommon\;C:\Users\Administrator\AppData\Local\Microsoft\WindowsApps;C:\Users\Administrator\AppData\Local\Programs\Microsoft VS Code\bin;C:\altera\13.0\modelsim_ase\win32aloem;C:\Users\Administrator\AppData\Local\atom\bin;C:\texlive\2020\bin\win32;C:\Users\Administrator\AppData\Local\Microsoft\WindowsApps;C:\apache-maven-3.6.3\bin;C:\Program Files\JetBrains\PyCharm Community Edition 2020.2.3\bin;;C:\Users\Administrator\AppData\Local\GitHubDesktop\bin
USERNAME=Administrator
OS=Windows_NT
PROCESSOR_IDENTIFIER=Intel64 Family 6 Model 69 Stepping 1, GenuineIntel



---------------  S Y S T E M  ---------------

OS: Windows 10.0 , 64 bit Build 19041 (10.0.19041.662)

CPU:total 4 (initial active 4) (2 cores per cpu, 2 threads per core) family 6 model 69 stepping 1, cmov, cx8, fxsr, mmx, sse, sse2, sse3, ssse3, sse4.1, sse4.2, popcnt, avx, avx2, aes, clmul, erms, lzcnt, ht, tsc, tscinvbit, bmi1, bmi2

Memory: 4k page, physical 8294176k(1642300k free), swap 10391328k(824k free)

vm_info: OpenJDK 64-Bit Server VM (25.242-b01) for windows-amd64 JRE (1.8.0_242-release-1644-b01), built by "builder" with MS VC++ 10.0 (VS2010)

time: Mon Jan 04 10:51:43 2021
timezone: 대한민국 표준시
elapsed time: 557 seconds (0d 0h 9m 17s)

