#
# There is insufficient memory for the Java Runtime Environment to continue.
# Native memory allocation (malloc) failed to allocate 585440 bytes for Chunk::new
# Possible reasons:
#   The system is out of physical RAM or swap space
#   The process is running with CompressedOops enabled, and the Java Heap may be blocking the growth of the native heap
# Possible solutions:
#   Reduce memory load on the system
#   Increase physical memory or swap space
#   Check if swap backing store is full
#   Decrease Java heap size (-Xmx/-Xms)
#   Decrease number of Java threads
#   Decrease Java thread stack sizes (-Xss)
#   Set larger code cache with -XX:ReservedCodeCacheSize=
#   JVM is running with Unscaled Compressed Oops mode in which the Java heap is
#     placed in the first 4GB address space. The Java Heap base address is the
#     maximum limit for the native heap growth. Please use -XX:HeapBaseMinAddress
#     to set the Java Heap base and to place the Java Heap above 4GB virtual address.
# This output file may be truncated or incomplete.
#
#  Out of Memory Error (allocation.cpp:389), pid=12480, tid=0x0000000000000d30
#
# JRE version: OpenJDK Runtime Environment (8.0_242-b01) (build 1.8.0_242-release-1644-b01)
# Java VM: OpenJDK 64-Bit Server VM (25.242-b01 mixed mode windows-amd64 compressed oops)
# Failed to write core dump. Minidumps are not enabled by default on client versions of Windows
#

---------------  T H R E A D  ---------------

Current thread (0x0000000017801000):  JavaThread "C2 CompilerThread0" daemon [_thread_in_native, id=3376, stack(0x00000000191f0000,0x00000000192f0000)]

Stack: [0x00000000191f0000,0x00000000192f0000]
[error occurred during error reporting (printing stack bounds), id 0xc0000005]

Native frames: (J=compiled Java code, j=interpreted, Vv=VM code, C=native code)


Current CompileTask:
C2:1238848 27503       4       com.android.tools.r8.dex.t::a (11 bytes)


---------------  P R O C E S S  ---------------

Java Threads: ( => current thread )
  0x0000000022346800 JavaThread "ForkJoinPool-7-worker-0" daemon [_thread_blocked, id=9412, stack(0x0000000034e50000,0x0000000034f50000)]
  0x0000000022348800 JavaThread "ForkJoinPool-7-worker-3" daemon [_thread_blocked, id=11552, stack(0x0000000034d50000,0x0000000034e50000)]
  0x000000002234a000 JavaThread "ForkJoinPool-7-worker-2" daemon [_thread_blocked, id=6936, stack(0x0000000032230000,0x0000000032330000)]
  0x0000000022347000 JavaThread "ForkJoinPool-7-worker-1" daemon [_thread_in_Java, id=16496, stack(0x0000000031dd0000,0x0000000031ed0000)]
  0x0000000019ea5800 JavaThread "stdout" [_thread_in_native, id=17552, stack(0x00000000328b0000,0x00000000329b0000)]
  0x0000000019ea1800 JavaThread "stderr" [_thread_in_native, id=2972, stack(0x00000000327b0000,0x00000000328b0000)]
  0x0000000019ea7800 JavaThread "stdout" [_thread_in_native, id=16084, stack(0x00000000326b0000,0x00000000327b0000)]
  0x0000000019ea1000 JavaThread "stderr" [_thread_in_native, id=16904, stack(0x00000000325b0000,0x00000000326b0000)]
  0x0000000019ea3000 JavaThread "stdout" [_thread_in_native, id=16272, stack(0x00000000324b0000,0x00000000325b0000)]
  0x0000000019ea7000 JavaThread "stderr" [_thread_in_native, id=9668, stack(0x00000000323b0000,0x00000000324b0000)]
  0x000000001a1a1000 JavaThread "stdout" [_thread_in_native, id=5544, stack(0x0000000032130000,0x0000000032230000)]
  0x000000001a19f800 JavaThread "stderr" [_thread_in_native, id=14504, stack(0x0000000032030000,0x0000000032130000)]
  0x000000001a19e800 JavaThread "pool-15-thread-1" [_thread_blocked, id=14988, stack(0x0000000031f30000,0x0000000032030000)]
  0x000000001a19c800 JavaThread "WorkerExecutor Queue Thread 4" [_thread_blocked, id=9764, stack(0x0000000031cd0000,0x0000000031dd0000)]
  0x000000001a194800 JavaThread "WorkerExecutor Queue Thread 3" [_thread_blocked, id=16408, stack(0x0000000031aa0000,0x0000000031ba0000)]
  0x000000001a19a000 JavaThread "WorkerExecutor Queue" [_thread_blocked, id=14356, stack(0x00000000319a0000,0x0000000031aa0000)]
  0x0000000021e6f800 JavaThread "Cache worker for execution history cache (C:\Users\Administrator\Desktop\github_clone\SilverYogaApp3\.gradle\6.5\executionHistory)" [_thread_blocked, id=18924, stack(0x00000000314a0000,0x00000000315a0000)]
  0x0000000021e74800 JavaThread "Execution worker for ':' Thread 3" [_thread_blocked, id=6372, stack(0x00000000311a0000,0x00000000312a0000)]
  0x0000000021e74000 JavaThread "Execution worker for ':' Thread 2" [_thread_blocked, id=17680, stack(0x00000000310a0000,0x00000000311a0000)]
  0x0000000021e73000 JavaThread "Execution worker for ':'" [_thread_blocked, id=18648, stack(0x000000002fb20000,0x000000002fc20000)]
  0x0000000021e72800 JavaThread "Cache worker for file content cache (C:\Users\Administrator\Desktop\github_clone\SilverYogaApp3\.gradle\6.5\fileContent)" [_thread_blocked, id=4412, stack(0x000000002d730000,0x000000002d830000)]
  0x0000000021e71000 JavaThread "pool-14-thread-1" [_thread_blocked, id=5184, stack(0x000000002b6d0000,0x000000002b7d0000)]
  0x0000000021e75800 JavaThread "Cache worker for Build Output Cleanup Cache (C:\Users\Administrator\Desktop\github_clone\SilverYogaApp3\.gradle\buildOutputCleanup)" [_thread_blocked, id=5144, stack(0x000000002b490000,0x000000002b590000)]
  0x0000000021e70000 JavaThread "jar transforms Thread 752" [_thread_blocked, id=17772, stack(0x000000002ac40000,0x000000002ad40000)]
  0x0000000021e68000 JavaThread "jar transforms Thread 751" [_thread_blocked, id=7600, stack(0x000000002ab40000,0x000000002ac40000)]
  0x0000000021e6e800 JavaThread "jar transforms Thread 750" [_thread_blocked, id=19052, stack(0x000000002a840000,0x000000002a940000)]
  0x0000000021e6b000 JavaThread "jar transforms Thread 749" [_thread_blocked, id=18600, stack(0x000000002a740000,0x000000002a840000)]
  0x0000000021e6a000 JavaThread "jar transforms Thread 748" [_thread_blocked, id=14440, stack(0x0000000029040000,0x0000000029140000)]
  0x0000000021e6e000 JavaThread "jar transforms Thread 747" [_thread_blocked, id=13192, stack(0x0000000028f40000,0x0000000029040000)]
  0x0000000021e6c800 JavaThread "jar transforms Thread 746" [_thread_blocked, id=13268, stack(0x0000000028e40000,0x0000000028f40000)]
  0x0000000021e6d000 JavaThread "jar transforms Thread 745" [_thread_blocked, id=6412, stack(0x0000000028d40000,0x0000000028e40000)]
  0x0000000021e6b800 JavaThread "jar transforms Thread 744" [_thread_blocked, id=2816, stack(0x0000000028c40000,0x0000000028d40000)]
  0x0000000021e66800 JavaThread "jar transforms Thread 743" [_thread_blocked, id=6748, stack(0x0000000028b40000,0x0000000028c40000)]
  0x0000000021e69800 JavaThread "jar transforms Thread 742" [_thread_blocked, id=11100, stack(0x0000000028a40000,0x0000000028b40000)]
  0x0000000021e67000 JavaThread "jar transforms Thread 741" [_thread_blocked, id=16992, stack(0x0000000028940000,0x0000000028a40000)]
  0x0000000019c8d800 JavaThread "jar transforms Thread 740" [_thread_blocked, id=12836, stack(0x0000000028840000,0x0000000028940000)]
  0x0000000019c8b800 JavaThread "jar transforms Thread 739" [_thread_blocked, id=11796, stack(0x0000000028740000,0x0000000028840000)]
  0x0000000019c86000 JavaThread "jar transforms Thread 738" [_thread_blocked, id=9888, stack(0x0000000028640000,0x0000000028740000)]
  0x0000000019c89000 JavaThread "jar transforms Thread 737" [_thread_blocked, id=6500, stack(0x0000000028540000,0x0000000028640000)]
  0x0000000019c8c000 JavaThread "jar transforms Thread 736" [_thread_blocked, id=13620, stack(0x0000000028440000,0x0000000028540000)]
  0x0000000019c8a800 JavaThread "jar transforms Thread 735" [_thread_blocked, id=8672, stack(0x0000000028340000,0x0000000028440000)]
  0x0000000019c88800 JavaThread "jar transforms Thread 734" [_thread_blocked, id=12896, stack(0x0000000028240000,0x0000000028340000)]
  0x0000000019c8a000 JavaThread "jar transforms Thread 733" [_thread_blocked, id=9352, stack(0x0000000028140000,0x0000000028240000)]
  0x0000000019c87800 JavaThread "jar transforms Thread 732" [_thread_blocked, id=10712, stack(0x0000000028040000,0x0000000028140000)]
  0x0000000019c87000 JavaThread "jar transforms Thread 731" [_thread_blocked, id=12100, stack(0x0000000027f40000,0x0000000028040000)]
  0x0000000019c7e800 JavaThread "jar transforms Thread 730" [_thread_blocked, id=12740, stack(0x0000000027e40000,0x0000000027f40000)]
  0x0000000019c83800 JavaThread "jar transforms Thread 729" [_thread_blocked, id=3904, stack(0x0000000027d40000,0x0000000027e40000)]
  0x0000000019c85800 JavaThread "jar transforms Thread 728" [_thread_blocked, id=11624, stack(0x0000000027c40000,0x0000000027d40000)]
  0x0000000019c84800 JavaThread "jar transforms Thread 727" [_thread_blocked, id=1928, stack(0x0000000027b40000,0x0000000027c40000)]
  0x0000000019c83000 JavaThread "jar transforms Thread 726" [_thread_blocked, id=16224, stack(0x0000000027a40000,0x0000000027b40000)]
  0x0000000019c82000 JavaThread "jar transforms Thread 725" [_thread_blocked, id=10600, stack(0x0000000027940000,0x0000000027a40000)]
  0x0000000019c80000 JavaThread "jar transforms Thread 724" [_thread_blocked, id=6792, stack(0x0000000027840000,0x0000000027940000)]
  0x0000000019c81800 JavaThread "jar transforms Thread 723" [_thread_blocked, id=8680, stack(0x0000000027740000,0x0000000027840000)]
  0x0000000019c7f000 JavaThread "jar transforms Thread 722" [_thread_blocked, id=2352, stack(0x0000000027640000,0x0000000027740000)]
  0x000000001eb31800 JavaThread "jar transforms Thread 721" [_thread_blocked, id=680, stack(0x0000000027540000,0x0000000027640000)]
  0x000000001eb2e800 JavaThread "jar transforms Thread 720" [_thread_blocked, id=2236, stack(0x0000000027440000,0x0000000027540000)]
  0x000000001eb2f800 JavaThread "jar transforms Thread 719" [_thread_blocked, id=16896, stack(0x0000000027340000,0x0000000027440000)]
  0x000000001eb31000 JavaThread "jar transforms Thread 718" [_thread_blocked, id=16168, stack(0x0000000027240000,0x0000000027340000)]
  0x000000001eb2e000 JavaThread "jar transforms Thread 717" [_thread_blocked, id=17884, stack(0x0000000027140000,0x0000000027240000)]
  0x000000001eb2d000 JavaThread "jar transforms Thread 716" [_thread_blocked, id=8688, stack(0x0000000027040000,0x0000000027140000)]
  0x000000001eb32800 JavaThread "jar transforms Thread 715" [_thread_blocked, id=13648, stack(0x0000000026f40000,0x0000000027040000)]
  0x000000001eb30000 JavaThread "jar transforms Thread 714" [_thread_blocked, id=13272, stack(0x0000000026e40000,0x0000000026f40000)]
  0x000000001eb34000 JavaThread "jar transforms Thread 713" [_thread_blocked, id=11700, stack(0x0000000026d40000,0x0000000026e40000)]
  0x000000001eb33000 JavaThread "jar transforms Thread 712" [_thread_blocked, id=6652, stack(0x0000000026c40000,0x0000000026d40000)]
  0x000000001eb25800 JavaThread "jar transforms Thread 711" [_thread_blocked, id=15688, stack(0x0000000026b40000,0x0000000026c40000)]
  0x000000001eb2b000 JavaThread "jar transforms Thread 710" [_thread_blocked, id=8516, stack(0x0000000026a40000,0x0000000026b40000)]
  0x000000001eb29800 JavaThread "jar transforms Thread 709" [_thread_blocked, id=9252, stack(0x0000000026940000,0x0000000026a40000)]
  0x000000001eb2c800 JavaThread "jar transforms Thread 708" [_thread_blocked, id=5400, stack(0x0000000026840000,0x0000000026940000)]
  0x000000001eb28800 JavaThread "jar transforms Thread 707" [_thread_blocked, id=6752, stack(0x0000000026740000,0x0000000026840000)]
  0x000000001eb28000 JavaThread "jar transforms Thread 706" [_thread_blocked, id=10436, stack(0x0000000026640000,0x0000000026740000)]
  0x000000001eb27000 JavaThread "jar transforms Thread 705" [_thread_blocked, id=14588, stack(0x0000000026540000,0x0000000026640000)]
  0x000000001eb25000 JavaThread "jar transforms Thread 704" [_thread_blocked, id=3476, stack(0x0000000026440000,0x0000000026540000)]
  0x000000001eb2a000 JavaThread "jar transforms Thread 703" [_thread_blocked, id=12160, stack(0x0000000026340000,0x0000000026440000)]
  0x0000000020b6a000 JavaThread "jar transforms Thread 702" [_thread_blocked, id=2496, stack(0x0000000026240000,0x0000000026340000)]
  0x0000000020b66000 JavaThread "jar transforms Thread 701" [_thread_blocked, id=17676, stack(0x0000000026140000,0x0000000026240000)]
  0x0000000020b69000 JavaThread "jar transforms Thread 700" [_thread_blocked, id=11740, stack(0x0000000026040000,0x0000000026140000)]
  0x0000000020b68800 JavaThread "jar transforms Thread 699" [_thread_blocked, id=3124, stack(0x0000000025f40000,0x0000000026040000)]
  0x0000000020b65800 JavaThread "jar transforms Thread 698" [_thread_blocked, id=4476, stack(0x0000000025e40000,0x0000000025f40000)]
  0x0000000020b64800 JavaThread "jar transforms Thread 697" [_thread_blocked, id=10224, stack(0x0000000025d40000,0x0000000025e40000)]
  0x0000000020b67800 JavaThread "jar transforms Thread 696" [_thread_blocked, id=18752, stack(0x0000000025c40000,0x0000000025d40000)]
  0x0000000020b67000 JavaThread "jar transforms Thread 695" [_thread_blocked, id=17648, stack(0x0000000025b40000,0x0000000025c40000)]
  0x0000000020b6a800 JavaThread "jar transforms Thread 694" [_thread_blocked, id=9076, stack(0x0000000025a40000,0x0000000025b40000)]
  0x0000000020b6b800 JavaThread "jar transforms Thread 693" [_thread_blocked, id=17216, stack(0x0000000025940000,0x0000000025a40000)]
  0x0000000020b5e000 JavaThread "jar transforms Thread 692" [_thread_blocked, id=15344, stack(0x0000000025840000,0x0000000025940000)]
  0x0000000020b5d000 JavaThread "jar transforms Thread 691" [_thread_blocked, id=11088, stack(0x0000000025740000,0x0000000025840000)]
  0x0000000020b64000 JavaThread "jar transforms Thread 690" [_thread_blocked, id=17020, stack(0x0000000025640000,0x0000000025740000)]
  0x0000000020b63000 JavaThread "jar transforms Thread 689" [_thread_blocked, id=13560, stack(0x0000000025540000,0x0000000025640000)]
  0x0000000020b61800 JavaThread "jar transforms Thread 688" [_thread_blocked, id=19044, stack(0x0000000025440000,0x0000000025540000)]
  0x0000000020b5e800 JavaThread "jar transforms Thread 687" [_thread_blocked, id=14088, stack(0x0000000025340000,0x0000000025440000)]
  0x0000000020b62800 JavaThread "jar transforms Thread 686" [_thread_blocked, id=16356, stack(0x0000000025240000,0x0000000025340000)]
  0x0000000020b5f800 JavaThread "jar transforms Thread 685" [_thread_blocked, id=6660, stack(0x0000000025140000,0x0000000025240000)]
  0x0000000020b61000 JavaThread "jar transforms Thread 684" [_thread_blocked, id=10888, stack(0x0000000025040000,0x0000000025140000)]
  0x0000000020b60000 JavaThread "jar transforms Thread 683" [_thread_blocked, id=14392, stack(0x0000000024f40000,0x0000000025040000)]
  0x0000000020661800 JavaThread "jar transforms Thread 682" [_thread_blocked, id=13400, stack(0x0000000024e40000,0x0000000024f40000)]
  0x0000000020664800 JavaThread "jar transforms Thread 681" [_thread_blocked, id=17232, stack(0x0000000024d40000,0x0000000024e40000)]
  0x0000000020664000 JavaThread "jar transforms Thread 680" [_thread_blocked, id=19188, stack(0x0000000024c40000,0x0000000024d40000)]
  0x0000000020663000 JavaThread "jar transforms Thread 679" [_thread_blocked, id=16856, stack(0x0000000024540000,0x0000000024640000)]
  0x0000000020661000 JavaThread "jar transforms Thread 678" [_thread_blocked, id=7760, stack(0x0000000024440000,0x0000000024540000)]
  0x000000002065f800 JavaThread "jar transforms Thread 677" [_thread_blocked, id=1876, stack(0x0000000024340000,0x0000000024440000)]
  0x0000000020665800 JavaThread "jar transforms Thread 676" [_thread_blocked, id=14344, stack(0x0000000024240000,0x0000000024340000)]
  0x0000000020666000 JavaThread "jar transforms Thread 675" [_thread_blocked, id=11568, stack(0x0000000024140000,0x0000000024240000)]
  0x0000000020662800 JavaThread "jar transforms Thread 674" [_thread_blocked, id=9832, stack(0x0000000024040000,0x0000000024140000)]
  0x0000000020660000 JavaThread "jar transforms Thread 673" [_thread_blocked, id=8920, stack(0x0000000023f40000,0x0000000024040000)]
  0x0000000020658000 JavaThread "jar transforms Thread 672" [_thread_blocked, id=18980, stack(0x0000000023e40000,0x0000000023f40000)]
  0x000000002065e800 JavaThread "jar transforms Thread 671" [_thread_blocked, id=8948, stack(0x0000000023d40000,0x0000000023e40000)]
  0x0000000020657000 JavaThread "jar transforms Thread 670" [_thread_blocked, id=12748, stack(0x0000000023c40000,0x0000000023d40000)]
  0x000000002065d000 JavaThread "jar transforms Thread 669" [_thread_blocked, id=7108, stack(0x0000000023b40000,0x0000000023c40000)]
  0x000000002065c800 JavaThread "jar transforms Thread 668" [_thread_blocked, id=7052, stack(0x0000000023a40000,0x0000000023b40000)]
  0x000000002065b800 JavaThread "jar transforms Thread 667" [_thread_blocked, id=356, stack(0x0000000023940000,0x0000000023a40000)]
  0x000000002065b000 JavaThread "jar transforms Thread 666" [_thread_blocked, id=6460, stack(0x0000000023840000,0x0000000023940000)]
  0x0000000020659800 JavaThread "jar transforms Thread 665" [_thread_blocked, id=19392, stack(0x0000000023740000,0x0000000023840000)]
  0x0000000020658800 JavaThread "jar transforms Thread 664" [_thread_blocked, id=16288, stack(0x0000000023640000,0x0000000023740000)]
  0x000000002065a000 JavaThread "jar transforms Thread 663" [_thread_blocked, id=15432, stack(0x0000000023540000,0x0000000023640000)]
  0x000000001b941000 JavaThread "jar transforms Thread 662" [_thread_blocked, id=18596, stack(0x0000000023440000,0x0000000023540000)]
  0x000000001b940000 JavaThread "jar transforms Thread 661" [_thread_blocked, id=3928, stack(0x0000000023340000,0x0000000023440000)]
  0x000000001b93f800 JavaThread "jar transforms Thread 660" [_thread_blocked, id=17816, stack(0x0000000023240000,0x0000000023340000)]
  0x000000001b93e800 JavaThread "jar transforms Thread 659" [_thread_blocked, id=16928, stack(0x0000000023140000,0x0000000023240000)]
  0x000000001b93e000 JavaThread "Build operations Thread 4" [_thread_blocked, id=18996, stack(0x0000000023040000,0x0000000023140000)]
  0x000000001b93d000 JavaThread "Build operations Thread 3" [_thread_blocked, id=4768, stack(0x0000000021950000,0x0000000021a50000)]
  0x000000001b93c800 JavaThread "Build operations Thread 2" [_thread_blocked, id=10128, stack(0x00000000200a0000,0x00000000201a0000)]
  0x000000001b942800 JavaThread "Build operations" [_thread_blocked, id=18560, stack(0x000000001fd30000,0x000000001fe30000)]
  0x000000001b943000 JavaThread "Cache worker for cache directory md-rule (C:\Users\Administrator\.gradle\caches\6.5\md-rule)" [_thread_blocked, id=11004, stack(0x000000001fb30000,0x000000001fc30000)]
  0x000000001b941800 JavaThread "Cache worker for cache directory md-supplier (C:\Users\Administrator\.gradle\caches\6.5\md-supplier)" [_thread_blocked, id=11676, stack(0x000000001fa30000,0x000000001fb30000)]
  0x000000001b935000 JavaThread "Cache worker for checksums cache (C:\Users\Administrator\Desktop\github_clone\SilverYogaApp3\.gradle\checksums)" [_thread_blocked, id=9484, stack(0x000000001f930000,0x000000001fa30000)]
  0x000000001b938000 JavaThread "Cache worker for file hash cache (C:\Users\Administrator\Desktop\github_clone\SilverYogaApp3\.gradle\6.5\fileHashes)" [_thread_blocked, id=14740, stack(0x000000001ce90000,0x000000001cf90000)]
  0x000000001b93b800 JavaThread "Thread-843" [_thread_blocked, id=18680, stack(0x000000001cd90000,0x000000001ce90000)]
  0x000000001b937000 JavaThread "Stdin handler" [_thread_blocked, id=2992, stack(0x000000001cc90000,0x000000001cd90000)]
  0x000000001b936800 JavaThread "Asynchronous log dispatcher for DefaultDaemonConnection: socket connection from /127.0.0.1:9080 to /127.0.0.1:9379" [_thread_blocked, id=10588, stack(0x000000001cb90000,0x000000001cc90000)]
  0x000000001b93b000 JavaThread "Cancel handler" [_thread_blocked, id=18908, stack(0x0000000000d30000,0x0000000000e30000)]
  0x000000001b934000 JavaThread "Handler for socket connection from /127.0.0.1:9080 to /127.0.0.1:9379" [_thread_in_native, id=10804, stack(0x0000000000c30000,0x0000000000d30000)]
  0x000000001a194000 JavaThread "Daemon worker Thread 7" [_thread_blocked, id=17744, stack(0x000000001c890000,0x000000001c990000)]
  0x000000001a198000 JavaThread "Daemon Thread 7" [_thread_blocked, id=5992, stack(0x0000000000b30000,0x0000000000c30000)]
  0x000000001a19e000 JavaThread "Cache worker for Java compile cache (C:\Users\Administrator\.gradle\caches\6.5\javaCompile)" [_thread_blocked, id=16060, stack(0x000000002b5d0000,0x000000002b6d0000)]
  0x000000001a19b000 JavaThread "Memory manager" [_thread_blocked, id=16388, stack(0x0000000029630000,0x0000000029730000)]
  0x0000000019ea4000 JavaThread "Cache worker for file content cache (C:\Users\Administrator\.gradle\caches\6.5\fileContent)" [_thread_blocked, id=9784, stack(0x0000000021850000,0x0000000021950000)]
  0x0000000019ea2800 JavaThread "Cache worker for execution history cache (C:\Users\Administrator\.gradle\caches\6.5\executionHistory)" [_thread_blocked, id=11680, stack(0x000000001fc30000,0x000000001fd30000)]
  0x0000000019ea4800 JavaThread "Cache worker for file hash cache (C:\Users\Administrator\.gradle\caches\6.5\fileHashes)" [_thread_blocked, id=15704, stack(0x000000001d490000,0x000000001d590000)]
  0x0000000019ea6000 JavaThread "File lock request listener" [_thread_in_native, id=15592, stack(0x000000001d390000,0x000000001d490000)]
  0x0000000018f0b800 JavaThread "Cache worker for journal cache (C:\Users\Administrator\.gradle\caches\journal-1)" [_thread_blocked, id=15828, stack(0x000000001d190000,0x000000001d290000)]
  0x000000001b1f0800 JavaThread "Daemon periodic checks" [_thread_blocked, id=17996, stack(0x000000001c590000,0x000000001c690000)]
  0x000000001b155000 JavaThread "Incoming local TCP Connector on port 9080" [_thread_in_native, id=5140, stack(0x000000001c3b0000,0x000000001c4b0000)]
  0x0000000019773000 JavaThread "Daemon health stats" [_thread_blocked, id=16784, stack(0x000000001c090000,0x000000001c190000)]
  0x0000000018c7e800 JavaThread "Service Thread" daemon [_thread_blocked, id=16560, stack(0x00000000194f0000,0x00000000195f0000)]
  0x0000000018c03000 JavaThread "C1 CompilerThread2" daemon [_thread_blocked, id=10872, stack(0x00000000193f0000,0x00000000194f0000)]
  0x0000000018bfe800 JavaThread "C2 CompilerThread1" daemon [_thread_in_native, id=4928, stack(0x00000000192f0000,0x00000000193f0000)]
=>0x0000000017801000 JavaThread "C2 CompilerThread0" daemon [_thread_in_native, id=3376, stack(0x00000000191f0000,0x00000000192f0000)]
  0x000000001784e800 JavaThread "Attach Listener" daemon [_thread_blocked, id=15056, stack(0x00000000190f0000,0x00000000191f0000)]
  0x0000000018bf8800 JavaThread "Signal Dispatcher" daemon [_thread_blocked, id=13336, stack(0x0000000018ff0000,0x00000000190f0000)]
  0x0000000002b9d000 JavaThread "Finalizer" daemon [_thread_blocked, id=19156, stack(0x0000000018a60000,0x0000000018b60000)]
  0x00000000177d9000 JavaThread "Reference Handler" daemon [_thread_blocked, id=12136, stack(0x0000000018960000,0x0000000018a60000)]
  0x0000000002aa2800 JavaThread "main" [_thread_blocked, id=12556, stack(0x0000000000ea0000,0x0000000000fa0000)]

Other Threads:
  0x00000000177b7000 VMThread [stack: 0x0000000018860000,0x0000000018960000] [id=17428]
  0x0000000018c4b000 WatcherThread [stack: 0x00000000195f0000,0x00000000196f0000] [id=3464]

VM state:not at safepoint (normal execution)

VM Mutex/Monitor currently owned by a thread: None

heap address: 0x0000000080000000, size: 2048 MB, Compressed Oops mode: 32-bit
Narrow klass base: 0x0000000000000000, Narrow klass shift: 3
Compressed class space size: 1073741824 Address: 0x0000000100000000

Heap:
 PSYoungGen      total 553984K, used 130294K [0x00000000d5580000, 0x0000000100000000, 0x0000000100000000)
  eden space 465408K, 8% used [0x00000000d5580000,0x00000000d7e3f188,0x00000000f1c00000)
  from space 88576K, 99% used [0x00000000fa980000,0x00000000ffffe698,0x0000000100000000)
  to   space 116736K, 0% used [0x00000000f1c00000,0x00000000f1c00000,0x00000000f8e00000)
 ParOldGen       total 240128K, used 121344K [0x0000000080000000, 0x000000008ea80000, 0x00000000d5580000)
  object space 240128K, 50% used [0x0000000080000000,0x0000000087680318,0x000000008ea80000)
 Metaspace       used 144122K, capacity 151641K, committed 151768K, reserved 1181696K
  class space    used 18147K, capacity 19634K, committed 19712K, reserved 1048576K

Card table byte_map: [0x0000000011f60000,0x0000000012370000] byte_map_base: 0x0000000011b60000

Marking Bits: (ParMarkBitMap*) 0x00000000713cf030
 Begin Bits: [0x0000000012a20000, 0x0000000014a20000)
 End Bits:   [0x0000000014a20000, 0x0000000016a20000)

Polling page: 0x0000000000e50000

CodeCache: size=245760Kb used=80350Kb max_used=80361Kb free=165409Kb
 bounds [0x0000000002ba0000, 0x0000000007a80000, 0x0000000011ba0000]
 total_blobs=23067 nmethods=22100 adapters=877
 compilation: enabled

Compilation events (10 events):
Event: 1238.810 Thread 0x0000000018bfe800 nmethod 27510 0x0000000007a75950 code [0x0000000007a75b20, 0x0000000007a76210]
Event: 1238.810 Thread 0x0000000018bfe800 27532       4       com.android.tools.r8.graph.i0::computeEquals (45 bytes)
Event: 1238.815 Thread 0x0000000018bfe800 nmethod 27532 0x0000000007a75510 code [0x0000000007a75660, 0x0000000007a75838]
Event: 1238.815 Thread 0x0000000018bfe800 27529       4       com.android.tools.r8.graph.l0$d::equals (31 bytes)
Event: 1238.819 Thread 0x0000000018bfe800 nmethod 27529 0x0000000007a79ad0 code [0x0000000007a79c20, 0x0000000007a79e18]
Event: 1238.819 Thread 0x0000000018bfe800 27525       4       com.android.tools.r8.graph.k0::hashCode (8 bytes)
Event: 1238.824 Thread 0x0000000018bfe800 nmethod 27525 0x0000000007a79410 code [0x0000000007a79560, 0x0000000007a79838]
Event: 1238.824 Thread 0x0000000018bfe800 27534       4       com.android.tools.r8.graph.J$c::equals (27 bytes)
Event: 1238.825 Thread 0x0000000018bfe800 nmethod 27534 0x0000000007a59a90 code [0x0000000007a59be0, 0x0000000007a59c98]
Event: 1238.825 Thread 0x0000000018bfe800 27537       4       com.android.tools.r8.graph.l1::a (73 bytes)

GC Heap History (10 events):
Event: 822.489 GC heap before
{Heap before GC invocations=25 (full 5):
 PSYoungGen      total 529408K, used 468749K [0x00000000d5580000, 0x00000000fef80000, 0x0000000100000000)
  eden space 435712K, 100% used [0x00000000d5580000,0x00000000eff00000,0x00000000eff00000)
  from space 93696K, 35% used [0x00000000eff00000,0x00000000f1f43720,0x00000000f5a80000)
  to   space 88576K, 0% used [0x00000000f9900000,0x00000000f9900000,0x00000000fef80000)
 ParOldGen       total 240128K, used 84852K [0x0000000080000000, 0x000000008ea80000, 0x00000000d5580000)
  object space 240128K, 35% used [0x0000000080000000,0x00000000852dd1c8,0x000000008ea80000)
 Metaspace       used 113489K, capacity 118491K, committed 118616K, reserved 1153024K
  class space    used 14501K, capacity 15416K, committed 15488K, reserved 1048576K
Event: 822.525 GC heap after
Heap after GC invocations=25 (full 5):
 PSYoungGen      total 564736K, used 15756K [0x00000000d5580000, 0x00000000fde80000, 0x0000000100000000)
  eden space 493568K, 0% used [0x00000000d5580000,0x00000000d5580000,0x00000000f3780000)
  from space 71168K, 22% used [0x00000000f9900000,0x00000000fa863238,0x00000000fde80000)
  to   space 85504K, 0% used [0x00000000f3780000,0x00000000f3780000,0x00000000f8b00000)
 ParOldGen       total 240128K, used 84860K [0x0000000080000000, 0x000000008ea80000, 0x00000000d5580000)
  object space 240128K, 35% used [0x0000000080000000,0x00000000852df1c8,0x000000008ea80000)
 Metaspace       used 113489K, capacity 118491K, committed 118616K, reserved 1153024K
  class space    used 14501K, capacity 15416K, committed 15488K, reserved 1048576K
}
Event: 1076.979 GC heap before
{Heap before GC invocations=26 (full 5):
 PSYoungGen      total 564736K, used 509324K [0x00000000d5580000, 0x00000000fde80000, 0x0000000100000000)
  eden space 493568K, 100% used [0x00000000d5580000,0x00000000f3780000,0x00000000f3780000)
  from space 71168K, 22% used [0x00000000f9900000,0x00000000fa863238,0x00000000fde80000)
  to   space 85504K, 0% used [0x00000000f3780000,0x00000000f3780000,0x00000000f8b00000)
 ParOldGen       total 240128K, used 84860K [0x0000000080000000, 0x000000008ea80000, 0x00000000d5580000)
  object space 240128K, 35% used [0x0000000080000000,0x00000000852df1c8,0x000000008ea80000)
 Metaspace       used 128071K, capacity 134003K, committed 134232K, reserved 1165312K
  class space    used 16355K, capacity 17451K, committed 17536K, reserved 1048576K
Event: 1077.042 GC heap after
Heap after GC invocations=26 (full 5):
 PSYoungGen      total 579072K, used 32673K [0x00000000d5580000, 0x0000000100000000, 0x0000000100000000)
  eden space 493568K, 0% used [0x00000000d5580000,0x00000000d5580000,0x00000000f3780000)
  from space 85504K, 38% used [0x00000000f3780000,0x00000000f5768540,0x00000000f8b00000)
  to   space 80896K, 0% used [0x00000000fb100000,0x00000000fb100000,0x0000000100000000)
 ParOldGen       total 240128K, used 84868K [0x0000000080000000, 0x000000008ea80000, 0x00000000d5580000)
  object space 240128K, 35% used [0x0000000080000000,0x00000000852e11c8,0x000000008ea80000)
 Metaspace       used 128071K, capacity 134003K, committed 134232K, reserved 1165312K
  class space    used 16355K, capacity 17451K, committed 17536K, reserved 1048576K
}
Event: 1217.963 GC heap before
{Heap before GC invocations=27 (full 5):
 PSYoungGen      total 579072K, used 526241K [0x00000000d5580000, 0x0000000100000000, 0x0000000100000000)
  eden space 493568K, 100% used [0x00000000d5580000,0x00000000f3780000,0x00000000f3780000)
  from space 85504K, 38% used [0x00000000f3780000,0x00000000f5768540,0x00000000f8b00000)
  to   space 80896K, 0% used [0x00000000fb100000,0x00000000fb100000,0x0000000100000000)
 ParOldGen       total 240128K, used 84868K [0x0000000080000000, 0x000000008ea80000, 0x00000000d5580000)
  object space 240128K, 35% used [0x0000000080000000,0x00000000852e11c8,0x000000008ea80000)
 Metaspace       used 136478K, capacity 143475K, committed 143576K, reserved 1173504K
  class space    used 17455K, capacity 18869K, committed 18944K, reserved 1048576K
Event: 1218.030 GC heap after
Heap after GC invocations=27 (full 5):
 PSYoungGen      total 608768K, used 55758K [0x00000000d5580000, 0x0000000100000000, 0x0000000100000000)
  eden space 527872K, 0% used [0x00000000d5580000,0x00000000d5580000,0x00000000f5900000)
  from space 80896K, 68% used [0x00000000fb100000,0x00000000fe773bd0,0x0000000100000000)
  to   space 85504K, 0% used [0x00000000f5900000,0x00000000f5900000,0x00000000fac80000)
 ParOldGen       total 240128K, used 84876K [0x0000000080000000, 0x000000008ea80000, 0x00000000d5580000)
  object space 240128K, 35% used [0x0000000080000000,0x00000000852e31c8,0x000000008ea80000)
 Metaspace       used 136478K, capacity 143475K, committed 143576K, reserved 1173504K
  class space    used 17455K, capacity 18869K, committed 18944K, reserved 1048576K
}
Event: 1230.839 GC heap before
{Heap before GC invocations=28 (full 5):
 PSYoungGen      total 608768K, used 583630K [0x00000000d5580000, 0x0000000100000000, 0x0000000100000000)
  eden space 527872K, 100% used [0x00000000d5580000,0x00000000f5900000,0x00000000f5900000)
  from space 80896K, 68% used [0x00000000fb100000,0x00000000fe773bd0,0x0000000100000000)
  to   space 85504K, 0% used [0x00000000f5900000,0x00000000f5900000,0x00000000fac80000)
 ParOldGen       total 240128K, used 84876K [0x0000000080000000, 0x000000008ea80000, 0x00000000d5580000)
  object space 240128K, 35% used [0x0000000080000000,0x00000000852e31c8,0x000000008ea80000)
 Metaspace       used 143094K, capacity 150463K, committed 150616K, reserved 1179648K
  class space    used 18095K, capacity 19563K, committed 19584K, reserved 1048576K
Event: 1230.955 GC heap after
Heap after GC invocations=28 (full 5):
 PSYoungGen      total 582144K, used 54025K [0x00000000d5580000, 0x0000000100000000, 0x0000000100000000)
  eden space 527872K, 0% used [0x00000000d5580000,0x00000000d5580000,0x00000000f5900000)
  from space 54272K, 99% used [0x00000000f5900000,0x00000000f8dc2618,0x00000000f8e00000)
  to   space 88576K, 0% used [0x00000000fa980000,0x00000000fa980000,0x0000000100000000)
 ParOldGen       total 240128K, used 84884K [0x0000000080000000, 0x000000008ea80000, 0x00000000d5580000)
  object space 240128K, 35% used [0x0000000080000000,0x00000000852e51c8,0x000000008ea80000)
 Metaspace       used 143094K, capacity 150463K, committed 150616K, reserved 1179648K
  class space    used 18095K, capacity 19563K, committed 19584K, reserved 1048576K
}
Event: 1237.303 GC heap before
{Heap before GC invocations=29 (full 5):
 PSYoungGen      total 582144K, used 581897K [0x00000000d5580000, 0x0000000100000000, 0x0000000100000000)
  eden space 527872K, 100% used [0x00000000d5580000,0x00000000f5900000,0x00000000f5900000)
  from space 54272K, 99% used [0x00000000f5900000,0x00000000f8dc2618,0x00000000f8e00000)
  to   space 88576K, 0% used [0x00000000fa980000,0x00000000fa980000,0x0000000100000000)
 ParOldGen       total 240128K, used 84884K [0x0000000080000000, 0x000000008ea80000, 0x00000000d5580000)
  object space 240128K, 35% used [0x0000000080000000,0x00000000852e51c8,0x000000008ea80000)
 Metaspace       used 144120K, capacity 151641K, committed 151768K, reserved 1181696K
  class space    used 18147K, capacity 19634K, committed 19712K, reserved 1048576K
Event: 1237.580 GC heap after
Heap after GC invocations=29 (full 5):
 PSYoungGen      total 553984K, used 88569K [0x00000000d5580000, 0x0000000100000000, 0x0000000100000000)
  eden space 465408K, 0% used [0x00000000d5580000,0x00000000d5580000,0x00000000f1c00000)
  from space 88576K, 99% used [0x00000000fa980000,0x00000000ffffe698,0x0000000100000000)
  to   space 116736K, 0% used [0x00000000f1c00000,0x00000000f1c00000,0x00000000f8e00000)
 ParOldGen       total 240128K, used 121344K [0x0000000080000000, 0x000000008ea80000, 0x00000000d5580000)
  object space 240128K, 50% used [0x0000000080000000,0x0000000087680318,0x000000008ea80000)
 Metaspace       used 144120K, capacity 151641K, committed 151768K, reserved 1181696K
  class space    used 18147K, capacity 19634K, committed 19712K, reserved 1048576K
}

Deoptimization events (10 events):
Event: 1237.215 Thread 0x000000001a19a000 Uncommon trap: reason=unstable_if action=reinterpret pc=0x0000000004ea1e28 method=com.android.tools.r8.graph.i0.b(Lcom/android/tools/r8/graph/i0;)I @ 83
Event: 1237.736 Thread 0x000000001a19a000 Uncommon trap: reason=class_check action=maybe_recompile pc=0x0000000004b46e78 method=java.util.TimSort.mergeHi(IIII)V @ 227
Event: 1237.754 Thread 0x000000001a19a000 Uncommon trap: reason=class_check action=maybe_recompile pc=0x0000000004b46e78 method=java.util.TimSort.mergeHi(IIII)V @ 227
Event: 1237.755 Thread 0x000000001a19a000 Uncommon trap: reason=class_check action=maybe_recompile pc=0x0000000004b46e78 method=java.util.TimSort.mergeHi(IIII)V @ 227
Event: 1237.755 Thread 0x000000001a19a000 Uncommon trap: reason=class_check action=maybe_recompile pc=0x0000000004b46e78 method=java.util.TimSort.mergeHi(IIII)V @ 227
Event: 1238.529 Thread 0x0000000022347000 Uncommon trap: reason=unstable_if action=reinterpret pc=0x000000000443f370 method=com.android.tools.r8.graph.i0.b(Lcom/android/tools/r8/graph/i0;)I @ 60
Event: 1238.530 Thread 0x0000000022347000 Uncommon trap: reason=unstable_if action=reinterpret pc=0x0000000007a115a0 method=com.android.tools.r8.graph.i0.b(Lcom/android/tools/r8/graph/i0;)I @ 60
Event: 1238.654 Thread 0x0000000022347000 Uncommon trap: reason=unstable_if action=reinterpret pc=0x0000000005e54828 method=com.android.tools.r8.graph.l0$w.equals(Ljava/lang/Object;)Z @ 11
Event: 1238.699 Thread 0x0000000022347000 Uncommon trap: reason=null_check action=make_not_entrant pc=0x0000000007a611b4 method=com.android.tools.r8.graph.i0.computeEquals(Ljava/lang/Object;)Z @ 1
Event: 1238.736 Thread 0x0000000022347000 Uncommon trap: reason=null_check action=make_not_entrant pc=0x0000000004f89dc0 method=com.android.tools.r8.graph.i0.computeEquals(Ljava/lang/Object;)Z @ 1

Classes redefined (0 events):
No events

Internal exceptions (10 events):
Event: 1229.313 Thread 0x000000001b942800 Exception <a 'sun/nio/fs/WindowsException'> (0x00000000f0e6fb20) thrown at [C:\src\AOSP-openjdk-git\hotspot\src\share\vm\prims\jni.cpp, line 710]
Event: 1229.409 Thread 0x000000001b93c800 Exception <a 'sun/nio/fs/WindowsException'> (0x00000000f17af3f8) thrown at [C:\src\AOSP-openjdk-git\hotspot\src\share\vm\prims\jni.cpp, line 710]
Event: 1232.013 Thread 0x000000001b942800 Exception <a 'sun/nio/fs/WindowsException'> (0x00000000d9ff7d18) thrown at [C:\src\AOSP-openjdk-git\hotspot\src\share\vm\prims\jni.cpp, line 710]
Event: 1234.213 Thread 0x000000001b93c800 Exception <a 'sun/nio/fs/WindowsException'> (0x00000000e408ade8) thrown at [C:\src\AOSP-openjdk-git\hotspot\src\share\vm\prims\jni.cpp, line 710]
Event: 1234.859 Thread 0x000000001a19a000 Exception <a 'sun/nio/fs/WindowsException'> (0x00000000e6123bc8) thrown at [C:\src\AOSP-openjdk-git\hotspot\src\share\vm\prims\jni.cpp, line 710]
Event: 1235.339 Thread 0x000000001a194000 Implicit null exception at 0x00000000055de337 to 0x00000000055de511
Event: 1235.372 Thread 0x000000001a194000 Exception <a 'java/lang/NoSuchMethodError': <clinit>> (0x00000000eb29e100) thrown at [C:\src\AOSP-openjdk-git\hotspot\src\share\vm\prims\jni.cpp, line 1615]
Event: 1235.373 Thread 0x000000001a194000 Exception <a 'java/lang/NoSuchMethodError': <clinit>> (0x00000000eb657fb8) thrown at [C:\src\AOSP-openjdk-git\hotspot\src\share\vm\prims\jni.cpp, line 1615]
Event: 1238.699 Thread 0x0000000022347000 Implicit null exception at 0x0000000007a60f64 to 0x0000000007a61189
Event: 1238.736 Thread 0x0000000022347000 Implicit null exception at 0x0000000004f89c4f to 0x0000000004f89db1

Events (10 events):
Event: 1238.654 Thread 0x0000000022347000 DEOPT PACKING pc=0x0000000005e54828 sp=0x0000000031ece9c0
Event: 1238.654 Thread 0x0000000022347000 DEOPT UNPACKING pc=0x0000000002be557b sp=0x0000000031ece968 mode 2
Event: 1238.699 Thread 0x0000000022347000 Uncommon trap: trap_request=0xfffffff4 fr.pc=0x0000000007a611b4
Event: 1238.699 Thread 0x0000000022347000 DEOPT PACKING pc=0x0000000007a611b4 sp=0x0000000031ece910
Event: 1238.699 Thread 0x0000000022347000 DEOPT UNPACKING pc=0x0000000002be557b sp=0x0000000031ece788 mode 2
Event: 1238.725 Thread 0x0000000022347000 DEOPT PACKING pc=0x00000000077c8831 sp=0x0000000031ecea00
Event: 1238.725 Thread 0x0000000022347000 DEOPT UNPACKING pc=0x0000000002be75d0 sp=0x0000000031ece7e0 mode 0
Event: 1238.736 Thread 0x0000000022347000 Uncommon trap: trap_request=0xfffffff4 fr.pc=0x0000000004f89dc0
Event: 1238.736 Thread 0x0000000022347000 DEOPT PACKING pc=0x0000000004f89dc0 sp=0x0000000031ece890
Event: 1238.736 Thread 0x0000000022347000 DEOPT UNPACKING pc=0x0000000002be557b sp=0x0000000031ece828 mode 2


Dynamic libraries:
0x00007ff73bd80000 - 0x00007ff73bdb1000 	C:\Program Files\Android\Android Studio\jre\bin\java.exe
0x00007fff718d0000 - 0x00007fff71ac6000 	C:\WINDOWS\SYSTEM32\ntdll.dll
0x00007fff6fe80000 - 0x00007fff6ff3d000 	C:\WINDOWS\System32\KERNEL32.DLL
0x00007fff6f430000 - 0x00007fff6f6f9000 	C:\WINDOWS\System32\KERNELBASE.dll
0x00007fff71100000 - 0x00007fff711ac000 	C:\WINDOWS\System32\ADVAPI32.dll
0x00007fff6ff40000 - 0x00007fff6ffde000 	C:\WINDOWS\System32\msvcrt.dll
0x00007fff70a10000 - 0x00007fff70aac000 	C:\WINDOWS\System32\sechost.dll
0x00007fff6fd50000 - 0x00007fff6fe7b000 	C:\WINDOWS\System32\RPCRT4.dll
0x00007fff6f990000 - 0x00007fff6fb30000 	C:\WINDOWS\System32\USER32.dll
0x00007fff6f900000 - 0x00007fff6f922000 	C:\WINDOWS\System32\win32u.dll
0x00007fff711e0000 - 0x00007fff7120a000 	C:\WINDOWS\System32\GDI32.dll
0x00007fff6f1c0000 - 0x00007fff6f2c9000 	C:\WINDOWS\System32\gdi32full.dll
0x00007fff6f700000 - 0x00007fff6f79d000 	C:\WINDOWS\System32\msvcp_win.dll
0x00007fff6f0c0000 - 0x00007fff6f1c0000 	C:\WINDOWS\System32\ucrtbase.dll
0x00007fff63ef0000 - 0x00007fff6418b000 	C:\WINDOWS\WinSxS\amd64_microsoft.windows.common-controls_6595b64144ccf1df_6.0.19041.488_none_ca04af081b815d21\COMCTL32.dll
0x00007fff711b0000 - 0x00007fff711e0000 	C:\WINDOWS\System32\IMM32.DLL
0x0000000071560000 - 0x0000000071632000 	C:\Program Files\Android\Android Studio\jre\jre\bin\msvcr100.dll
0x0000000070c00000 - 0x000000007144b000 	C:\Program Files\Android\Android Studio\jre\jre\bin\server\jvm.dll
0x00007fff70ab0000 - 0x00007fff70ab8000 	C:\WINDOWS\System32\PSAPI.DLL
0x00007fff64660000 - 0x00007fff64687000 	C:\WINDOWS\SYSTEM32\WINMM.dll
0x00007fff656b0000 - 0x00007fff656ba000 	C:\WINDOWS\SYSTEM32\VERSION.dll
0x00007fff6d7b0000 - 0x00007fff6d7b9000 	C:\WINDOWS\SYSTEM32\WSOCK32.dll
0x00007fff712c0000 - 0x00007fff7132b000 	C:\WINDOWS\System32\WS2_32.dll
0x00007fff69e50000 - 0x00007fff69e5f000 	C:\Program Files\Android\Android Studio\jre\jre\bin\verify.dll
0x00007fff553c0000 - 0x00007fff553e9000 	C:\Program Files\Android\Android Studio\jre\jre\bin\java.dll
0x00007fff57500000 - 0x00007fff57516000 	C:\Program Files\Android\Android Studio\jre\jre\bin\zip.dll
0x00007fff6ffe0000 - 0x00007fff70722000 	C:\WINDOWS\System32\SHELL32.dll
0x00007fff6d010000 - 0x00007fff6d7a5000 	C:\WINDOWS\SYSTEM32\windows.storage.dll
0x00007fff71330000 - 0x00007fff71686000 	C:\WINDOWS\System32\combase.dll
0x00007fff6ea80000 - 0x00007fff6eaac000 	C:\WINDOWS\SYSTEM32\Wldp.dll
0x00007fff71210000 - 0x00007fff712be000 	C:\WINDOWS\System32\SHCORE.dll
0x00007fff6f930000 - 0x00007fff6f985000 	C:\WINDOWS\System32\shlwapi.dll
0x00007fff6ef40000 - 0x00007fff6ef66000 	C:\WINDOWS\SYSTEM32\profapi.dll
0x00007fff56c90000 - 0x00007fff56caa000 	C:\Program Files\Android\Android Studio\jre\jre\bin\net.dll
0x00007fff6e800000 - 0x00007fff6e86a000 	C:\WINDOWS\system32\mswsock.dll
0x00007fff55420000 - 0x00007fff55433000 	C:\Program Files\Android\Android Studio\jre\jre\bin\nio.dll
0x00007fff558f0000 - 0x00007fff55917000 	C:\Users\Administrator\.gradle\native\f6784746aeab05261644944871eae4fe03e0ef1612fff0a4a95f87b438bc6780\windows-amd64\native-platform.dll
0x00007fff69670000 - 0x00007fff6967d000 	C:\Program Files\Android\Android Studio\jre\jre\bin\management.dll
0x00007fff6e9d0000 - 0x00007fff6e9e8000 	C:\WINDOWS\SYSTEM32\CRYPTSP.dll
0x00007fff6e120000 - 0x00007fff6e154000 	C:\WINDOWS\system32\rsaenh.dll
0x00007fff6f400000 - 0x00007fff6f427000 	C:\WINDOWS\System32\bcrypt.dll
0x00007fff6ef00000 - 0x00007fff6ef2e000 	C:\WINDOWS\SYSTEM32\USERENV.dll
0x00007fff6f380000 - 0x00007fff6f400000 	C:\WINDOWS\System32\bcryptprimitives.dll
0x00007fff6e9f0000 - 0x00007fff6e9fc000 	C:\WINDOWS\SYSTEM32\CRYPTBASE.dll
0x00007fff6e4a0000 - 0x00007fff6e4db000 	C:\WINDOWS\SYSTEM32\IPHLPAPI.DLL
0x00007fff71760000 - 0x00007fff71768000 	C:\WINDOWS\System32\NSI.dll
0x00007fff66e20000 - 0x00007fff66e37000 	C:\WINDOWS\SYSTEM32\dhcpcsvc6.DLL
0x00007fff66b00000 - 0x00007fff66b1d000 	C:\WINDOWS\SYSTEM32\dhcpcsvc.DLL
0x00007fff6e4f0000 - 0x00007fff6e5bb000 	C:\WINDOWS\SYSTEM32\DNSAPI.dll
0x00007fff66fe0000 - 0x00007fff66feb000 	C:\WINDOWS\SYSTEM32\WINNSI.DLL
0x00007fff4ba80000 - 0x00007fff4baa4000 	C:\Program Files\Android\Android Studio\jre\jre\bin\sunec.dll
0x00007fff64610000 - 0x00007fff6461a000 	C:\Windows\System32\rasadhlp.dll
0x00007fff64710000 - 0x00007fff6478f000 	C:\WINDOWS\System32\fwpuclnt.dll
0x00007fff68630000 - 0x00007fff6863b000 	C:\Program Files\Android\Android Studio\jre\jre\bin\sunmscapi.dll
0x00007fff6f7a0000 - 0x00007fff6f8fd000 	C:\WINDOWS\System32\CRYPT32.dll
0x00007fff6dd30000 - 0x00007fff6dd63000 	C:\WINDOWS\SYSTEM32\ntmarta.dll

VM Arguments:
jvm_args: -Xmx2048m -Dfile.encoding=UTF-8 -Duser.country=KR -Duser.language=ko -Duser.variant 
java_command: org.gradle.launcher.daemon.bootstrap.GradleDaemon 6.5
java_class_path (initial): C:\Users\Administrator\.gradle\wrapper\dists\gradle-6.5-bin\6nifqtx7604sqp1q6g8wikw7p\gradle-6.5\lib\gradle-launcher-6.5.jar
Launcher Type: SUN_STANDARD

Environment Variables:
JAVA_HOME=C:\Program Files\Java\jdk-12.0.1
PATH=C:\Program Files (x86)\NetSarang\Xshell 6\;C:\Program Files\Java\jdk-12.0.1\bin;C:\Program Files (x86)\Common Files\Oracle\Java\javapath;C:\Program Files (x86)\Wizvera\Delfino;C:\Program Files\Common Files\Microsoft Shared\Windows Live;C:\Program Files (x86)\Common Files\Microsoft Shared\Windows Live;C:\ProgramData\Oracle\Java\javapath;C:\Program Files (x86)\Intel\iCLS Client\;C:\Program Files\Intel\iCLS Client\;C:\WINDOWS\system32;C:\WINDOWS;C:\WINDOWS\System32\Wbem;C:\WINDOWS\System32\WindowsPowerShell\v1.0\;C:\Program Files (x86)\Intel\OpenCL SDK\3.0\bin\x86;C:\Program Files (x86)\Intel\OpenCL SDK\3.0\bin\x64;C:\Program Files\Intel\WiFi\bin\;C:\Program Files\Common Files\Intel\WirelessCommon\;C:\Program Files (x86)\Skype\Phone\;C:\Program Files (x86)\Windows Live\Shared;C:\WINDOWS\System32\OpenSSH\;C:\WINDOWS\system32\config\systemprofile\.dnx\bin;C:\Program Files\Microsoft DNX\Dnvm\;C:\Program Files\Microsoft SQL Server\130\Tools\Binn\;C:\Program Files\Git\cmd;C:\Program Files\MySQL\MySQL Server 8.0\bin;C:\Users\Administrator\AppData\Local\Programs\Python\Python38\Scripts\;C:\Users\Administrator\AppData\Local\Programs\Python\Python38\;C:\Users\Administrator\AppData\Local\Programs\Python\Python39\Scripts\;C:\Users\Administrator\AppData\Local\Programs\Python\Python39\;C:\Program Files\MySQL\MySQL Shell 8.0\bin\;C:\Program Files\Intel\WiFi\bin\;C:\Program Files\Common Files\Intel\WirelessCommon\;C:\Users\Administrator\AppData\Local\Microsoft\WindowsApps;C:\Users\Administrator\AppData\Local\Programs\Microsoft VS Code\bin;C:\altera\13.0\modelsim_ase\win32aloem;C:\Users\Administrator\AppData\Local\atom\bin;C:\texlive\2020\bin\win32;C:\Users\Administrator\AppData\Local\Microsoft\WindowsApps;C:\apache-maven-3.6.3\bin;C:\Program Files\JetBrains\PyCharm Community Edition 2020.2.3\bin;;C:\Users\Administrator\AppData\Local\GitHubDesktop\bin
USERNAME=Administrator
OS=Windows_NT
PROCESSOR_IDENTIFIER=Intel64 Family 6 Model 69 Stepping 1, GenuineIntel



---------------  S Y S T E M  ---------------

OS: Windows 10.0 , 64 bit Build 19041 (10.0.19041.662)

CPU:total 4 (initial active 4) (2 cores per cpu, 2 threads per core) family 6 model 69 stepping 1, cmov, cx8, fxsr, mmx, sse, sse2, sse3, ssse3, sse4.1, sse4.2, popcnt, avx, avx2, aes, clmul, erms, lzcnt, ht, tsc, tscinvbit, bmi1, bmi2

Memory: 4k page, physical 8294176k(1767020k free), swap 10391328k(5220k free)

vm_info: OpenJDK 64-Bit Server VM (25.242-b01) for windows-amd64 JRE (1.8.0_242-release-1644-b01), built by "builder" with MS VC++ 10.0 (VS2010)

time: Thu Jan 07 09:44:14 2021
timezone: 대한민국 표준시
elapsed time: 1238 seconds (0d 0h 20m 38s)

